  [1m[35m (820.3ms)[0m  [1m[35mCREATE DATABASE "reddit_development" ENCODING = 'unicode'[0m
  ↳ bin/rails:9
  [1m[35m (532.3ms)[0m  [1m[35mCREATE DATABASE "reddit_test" ENCODING = 'unicode'[0m
  ↳ bin/rails:9
  [1m[35m (48.4ms)[0m  [1m[35mCREATE TABLE "schema_migrations" ("version" character varying NOT NULL PRIMARY KEY)[0m
  ↳ bin/rails:9
  [1m[35m (42.9ms)[0m  [1m[35mCREATE TABLE "ar_internal_metadata" ("key" character varying NOT NULL PRIMARY KEY, "value" character varying, "created_at" timestamp NOT NULL, "updated_at" timestamp NOT NULL)[0m
  ↳ bin/rails:9
  [1m[35m (6.7ms)[0m  [1m[34mSELECT pg_try_advisory_lock(6223636644477694260)[0m
  ↳ bin/rails:9
  [1m[35m (1.2ms)[0m  [1m[34mSELECT "schema_migrations"."version" FROM "schema_migrations" ORDER BY "schema_migrations"."version" ASC[0m
  ↳ bin/rails:9
Migrating to CreatePosts (20180525152335)
  [1m[35m (1.2ms)[0m  [1m[35mBEGIN[0m
  ↳ bin/rails:9
  [1m[35m (112.9ms)[0m  [1m[35mCREATE TABLE "posts" ("id" bigserial primary key, "user_id" integer, "title" character varying, "text" character varying, "created_at" timestamp NOT NULL, "updated_at" timestamp NOT NULL)[0m
  ↳ db/migrate/20180525152335_create_posts.rb:3
  [1m[36mActiveRecord::SchemaMigration Create (53.4ms)[0m  [1m[32mINSERT INTO "schema_migrations" ("version") VALUES ($1) RETURNING "version"[0m  [["version", "20180525152335"]]
  ↳ bin/rails:9
  [1m[35m (5.7ms)[0m  [1m[35mCOMMIT[0m
  ↳ bin/rails:9
Migrating to CreateComments (20180525152440)
  [1m[35m (12.0ms)[0m  [1m[35mBEGIN[0m
  ↳ bin/rails:9
  [1m[35m (30.1ms)[0m  [1m[35mCREATE TABLE "comments" ("id" bigserial primary key, "post_id" integer, "user_id" integer, "text" character varying, "created_at" timestamp NOT NULL, "updated_at" timestamp NOT NULL)[0m
  ↳ db/migrate/20180525152440_create_comments.rb:3
  [1m[36mActiveRecord::SchemaMigration Create (4.2ms)[0m  [1m[32mINSERT INTO "schema_migrations" ("version") VALUES ($1) RETURNING "version"[0m  [["version", "20180525152440"]]
  ↳ bin/rails:9
  [1m[35m (13.8ms)[0m  [1m[35mCOMMIT[0m
  ↳ bin/rails:9
Migrating to CreateVotes (20180525152514)
  [1m[35m (11.6ms)[0m  [1m[35mBEGIN[0m
  ↳ bin/rails:9
  [1m[35m (32.3ms)[0m  [1m[35mCREATE TABLE "votes" ("id" bigserial primary key, "post_id" integer, "created_at" timestamp NOT NULL, "updated_at" timestamp NOT NULL)[0m
  ↳ db/migrate/20180525152514_create_votes.rb:3
  [1m[36mActiveRecord::SchemaMigration Create (0.8ms)[0m  [1m[32mINSERT INTO "schema_migrations" ("version") VALUES ($1) RETURNING "version"[0m  [["version", "20180525152514"]]
  ↳ bin/rails:9
  [1m[35m (6.4ms)[0m  [1m[35mCOMMIT[0m
  ↳ bin/rails:9
Migrating to CreateUsers (20180525152736)
  [1m[35m (6.0ms)[0m  [1m[35mBEGIN[0m
  ↳ bin/rails:9
  [1m[35m (28.3ms)[0m  [1m[35mCREATE TABLE "users" ("id" bigserial primary key, "username" character varying, "password_digest" character varying, "created_at" timestamp NOT NULL, "updated_at" timestamp NOT NULL)[0m
  ↳ db/migrate/20180525152736_create_users.rb:3
  [1m[36mActiveRecord::SchemaMigration Create (15.7ms)[0m  [1m[32mINSERT INTO "schema_migrations" ("version") VALUES ($1) RETURNING "version"[0m  [["version", "20180525152736"]]
  ↳ bin/rails:9
  [1m[35m (12.5ms)[0m  [1m[35mCOMMIT[0m
  ↳ bin/rails:9
  [1m[36mActiveRecord::InternalMetadata Load (7.3ms)[0m  [1m[34mSELECT  "ar_internal_metadata".* FROM "ar_internal_metadata" WHERE "ar_internal_metadata"."key" = $1 LIMIT $2[0m  [["key", "environment"], ["LIMIT", 1]]
  ↳ bin/rails:9
  [1m[35m (0.2ms)[0m  [1m[35mBEGIN[0m
  ↳ bin/rails:9
  [1m[36mActiveRecord::InternalMetadata Create (2.6ms)[0m  [1m[32mINSERT INTO "ar_internal_metadata" ("key", "value", "created_at", "updated_at") VALUES ($1, $2, $3, $4) RETURNING "key"[0m  [["key", "environment"], ["value", "development"], ["created_at", "2018-05-25 15:34:51.066593"], ["updated_at", "2018-05-25 15:34:51.066593"]]
  ↳ bin/rails:9
  [1m[35m (0.6ms)[0m  [1m[35mCOMMIT[0m
  ↳ bin/rails:9
  [1m[35m (0.3ms)[0m  [1m[34mSELECT pg_advisory_unlock(6223636644477694260)[0m
  ↳ bin/rails:9
  [1m[35m (0.3ms)[0m  [1m[34mSELECT "schema_migrations"."version" FROM "schema_migrations" ORDER BY "schema_migrations"."version" ASC[0m
  ↳ bin/rails:9
  [1m[35m (1.2ms)[0m  [1m[34mSELECT "schema_migrations"."version" FROM "schema_migrations" ORDER BY "schema_migrations"."version" ASC[0m
  ↳ /Users/mollybrown/.rbenv/versions/2.5.0/bin/annotate:23
Started GET "/" for 127.0.0.1 at 2018-05-25 11:46:58 -0400
  [1m[35m (1.0ms)[0m  [1m[34mSELECT "schema_migrations"."version" FROM "schema_migrations" ORDER BY "schema_migrations"."version" ASC[0m
  ↳ /Users/mollybrown/.rbenv/versions/2.5.0/lib/ruby/gems/2.5.0/gems/activerecord-5.2.0/lib/active_record/log_subscriber.rb:98
  
SyntaxError (/Users/mollybrown/Momentum_homework/rails-reddit/app/controllers/posts_controller.rb:8: syntax error, unexpected keyword_end
    end
    ^~~
/Users/mollybrown/Momentum_homework/rails-reddit/app/controllers/posts_controller.rb:24: syntax error, unexpected end-of-input, expecting keyword_end):
  
app/controllers/posts_controller.rb:8: syntax error, unexpected keyword_end
app/controllers/posts_controller.rb:24: syntax error, unexpected end-of-input, expecting keyword_end
Started GET "/rails/info/routes" for 127.0.0.1 at 2018-05-25 11:56:51 -0400
Processing by Rails::InfoController#routes as HTML
  Rendering /Users/mollybrown/.rbenv/versions/2.5.0/lib/ruby/gems/2.5.0/gems/railties-5.2.0/lib/rails/templates/rails/info/routes.html.erb within layouts/application
  Rendered collection of /Users/mollybrown/.rbenv/versions/2.5.0/lib/ruby/gems/2.5.0/gems/actionpack-5.2.0/lib/action_dispatch/middleware/templates/routes/_route.html.erb [39 times] (33.7ms)
  Rendered /Users/mollybrown/.rbenv/versions/2.5.0/lib/ruby/gems/2.5.0/gems/actionpack-5.2.0/lib/action_dispatch/middleware/templates/routes/_table.html.erb (25.7ms)
  Rendered /Users/mollybrown/.rbenv/versions/2.5.0/lib/ruby/gems/2.5.0/gems/railties-5.2.0/lib/rails/templates/rails/info/routes.html.erb within layouts/application (78.9ms)
Completed 200 OK in 112ms (Views: 96.5ms | ActiveRecord: 0.0ms)


Started GET "/" for 127.0.0.1 at 2018-05-25 13:16:47 -0400
  
SyntaxError (/Users/mollybrown/Momentum_homework/rails-reddit/app/controllers/posts_controller.rb:46: syntax error, unexpected end-of-input, expecting keyword_end):
  
app/controllers/posts_controller.rb:46: syntax error, unexpected end-of-input, expecting keyword_end
Started GET "/" for 127.0.0.1 at 2018-05-25 13:17:19 -0400
  
SyntaxError (/Users/mollybrown/Momentum_homework/rails-reddit/app/controllers/posts_controller.rb:46: syntax error, unexpected end-of-input, expecting keyword_end):
  
app/controllers/posts_controller.rb:46: syntax error, unexpected end-of-input, expecting keyword_end
Started GET "/" for 127.0.0.1 at 2018-05-25 13:17:34 -0400
Processing by PostsController#index as HTML
  Rendering posts/index.html.erb within layouts/application
  Rendered posts/index.html.erb within layouts/application (0.4ms)
Completed 200 OK in 6829ms (Views: 6798.4ms | ActiveRecord: 0.0ms)


Started GET "/login/new" for 127.0.0.1 at 2018-05-25 13:20:43 -0400
Processing by LoginsController#new as HTML
  Rendering logins/new.html.erb within layouts/application
  Rendered logins/new.html.erb within layouts/application (12.3ms)
Completed 200 OK in 129ms (Views: 120.8ms | ActiveRecord: 0.0ms)


Started GET "/posts" for 127.0.0.1 at 2018-05-25 13:20:47 -0400
Processing by PostsController#index as HTML
  Rendering posts/index.html.erb within layouts/application
  Rendered posts/index.html.erb within layouts/application (0.5ms)
Completed 200 OK in 96ms (Views: 86.6ms | ActiveRecord: 0.0ms)


Started GET "/users/new" for 127.0.0.1 at 2018-05-25 13:20:49 -0400
Processing by UsersController#new as HTML
  Rendering users/new.html.erb within layouts/application
  Rendered users/new.html.erb within layouts/application (67.7ms)
Completed 200 OK in 307ms (Views: 113.2ms | ActiveRecord: 156.8ms)


Started POST "/users" for 127.0.0.1 at 2018-05-25 13:21:04 -0400
Processing by UsersController#create as HTML
  Parameters: {"utf8"=>"✓", "authenticity_token"=>"qy+asPMgRXGNZOXSDhN2hAkHFOrl64bs4Dyo4o+wUjm4Pze9K5C/HisUxA9UvSmFwUuoQ9bM6WEvljG873whIA==", "user"=>{"username"=>"reddit", "password"=>"[FILTERED]", "password_confirmation"=>"[FILTERED]"}}
Unpermitted parameter: :password_confirmation
  [1m[35m (11.8ms)[0m  [1m[35mBEGIN[0m
  ↳ app/controllers/users_controller.rb:9
  [1m[36mUser Exists (29.6ms)[0m  [1m[34mSELECT  1 AS one FROM "users" WHERE "users"."username" = $1 LIMIT $2[0m  [["username", "reddit"], ["LIMIT", 1]]
  ↳ app/controllers/users_controller.rb:9
  [1m[36mUser Create (64.2ms)[0m  [1m[32mINSERT INTO "users" ("username", "password_digest", "created_at", "updated_at") VALUES ($1, $2, $3, $4) RETURNING "id"[0m  [["username", "reddit"], ["password_digest", "$2a$10$Y36sYrO4X2GqNqsGz7j.yuJJzT0LM1MFw0FxbLA/eOoS4l2FWfnWO"], ["created_at", "2018-05-25 17:21:04.760786"], ["updated_at", "2018-05-25 17:21:04.760786"]]
  ↳ app/controllers/users_controller.rb:9
  [1m[35m (12.3ms)[0m  [1m[35mCOMMIT[0m
  ↳ app/controllers/users_controller.rb:9
Redirected to http://localhost:3000/login/new
Completed 302 Found in 261ms (ActiveRecord: 117.9ms)


Started GET "/login/new" for 127.0.0.1 at 2018-05-25 13:21:04 -0400
Processing by LoginsController#new as HTML
  Rendering logins/new.html.erb within layouts/application
  Rendered logins/new.html.erb within layouts/application (1.8ms)
Completed 200 OK in 68ms (Views: 66.9ms | ActiveRecord: 0.0ms)


Started POST "/login" for 127.0.0.1 at 2018-05-25 13:21:11 -0400
Processing by LoginsController#create as HTML
  Parameters: {"utf8"=>"✓", "authenticity_token"=>"m7BvRklp6LirUZubmM+FQ9o6GbtVaLG7NUUJMbzvLZMjvk6yX/gxr262mWEDaDJ2+msm1b31O9r3DGZqAwfjuQ==", "username"=>"reddit", "password"=>"[FILTERED]"}
  [1m[36mUser Load (18.6ms)[0m  [1m[34mSELECT  "users".* FROM "users" WHERE "users"."username" = $1 LIMIT $2[0m  [["username", "reddit"], ["LIMIT", 1]]
  ↳ app/controllers/logins_controller.rb:8
Redirected to http://localhost:3000/
Completed 302 Found in 131ms (ActiveRecord: 25.3ms)


Started GET "/" for 127.0.0.1 at 2018-05-25 13:21:11 -0400
Processing by PostsController#index as HTML
  Rendering posts/index.html.erb within layouts/application
  Rendered posts/index.html.erb within layouts/application (0.8ms)
  [1m[36mUser Load (0.7ms)[0m  [1m[34mSELECT  "users".* FROM "users" WHERE "users"."id" = $1 LIMIT $2[0m  [["id", 1], ["LIMIT", 1]]
  ↳ app/controllers/application_controller.rb:6
Completed 200 OK in 76ms (Views: 72.2ms | ActiveRecord: 0.7ms)


Started GET "/" for 127.0.0.1 at 2018-05-25 13:33:03 -0400
Processing by PostsController#index as HTML
  Rendering posts/index.html.erb within layouts/application
  Rendered posts/index.html.erb within layouts/application (2.2ms)
  [1m[36mUser Load (1.0ms)[0m  [1m[34mSELECT  "users".* FROM "users" WHERE "users"."id" = $1 LIMIT $2[0m  [["id", 1], ["LIMIT", 1]]
  ↳ app/controllers/application_controller.rb:6
Completed 200 OK in 206ms (Views: 139.4ms | ActiveRecord: 40.3ms)


Started GET "/" for 127.0.0.1 at 2018-05-25 13:33:35 -0400
Processing by PostsController#index as HTML
  Rendering posts/index.html.erb within layouts/application
  Rendered posts/index.html.erb within layouts/application (1.4ms)
  [1m[36mUser Load (0.7ms)[0m  [1m[34mSELECT  "users".* FROM "users" WHERE "users"."id" = $1 LIMIT $2[0m  [["id", 1], ["LIMIT", 1]]
  ↳ app/controllers/application_controller.rb:6
Completed 200 OK in 91ms (Views: 86.2ms | ActiveRecord: 0.7ms)


Started GET "/" for 127.0.0.1 at 2018-05-25 13:34:03 -0400
Processing by PostsController#index as HTML
  Rendering posts/index.html.erb within layouts/application
  [1m[36mPost Load (15.0ms)[0m  [1m[34mSELECT  "posts".* FROM "posts" LIMIT $1[0m  [["LIMIT", 11]]
  ↳ app/views/posts/index.html.erb:2
  [1m[36mCACHE Post Load (0.0ms)[0m  [1m[34mSELECT  "posts".* FROM "posts" LIMIT $1[0m  [["LIMIT", 11]]
  ↳ app/views/posts/index.html.erb:2
  [1m[36mCACHE Post Load (0.0ms)[0m  [1m[34mSELECT  "posts".* FROM "posts" LIMIT $1[0m  [["LIMIT", 11]]
  ↳ app/views/posts/index.html.erb:2
  [1m[36mCACHE Post Load (0.0ms)[0m  [1m[34mSELECT  "posts".* FROM "posts" LIMIT $1[0m  [["LIMIT", 11]]
  ↳ app/views/posts/index.html.erb:2
  [1m[36mCACHE Post Load (0.0ms)[0m  [1m[34mSELECT  "posts".* FROM "posts" LIMIT $1[0m  [["LIMIT", 11]]
  ↳ app/views/posts/index.html.erb:2
  [1m[36mCACHE Post Load (0.0ms)[0m  [1m[34mSELECT  "posts".* FROM "posts" LIMIT $1[0m  [["LIMIT", 11]]
  ↳ app/views/posts/index.html.erb:2
  [1m[36mCACHE Post Load (0.0ms)[0m  [1m[34mSELECT  "posts".* FROM "posts" LIMIT $1[0m  [["LIMIT", 11]]
  ↳ app/views/posts/index.html.erb:2
  [1m[36mCACHE Post Load (0.0ms)[0m  [1m[34mSELECT  "posts".* FROM "posts" LIMIT $1[0m  [["LIMIT", 11]]
  ↳ app/views/posts/index.html.erb:2
  Rendered posts/_form.html.erb (814.5ms)
  Rendered posts/index.html.erb within layouts/application (830.3ms)
Completed 500 Internal Server Error in 858ms (ActiveRecord: 22.1ms)


  
ActionView::Template::Error (undefined local variable or method `f' for #<#<Class:0x00007f97bc561020>:0x00007f97b98f8600>):
    1: <%= form_with model: @post, local: true do |form| %>
    2:     <%= f.hidden_field :user_id, value: current_user.id %>
    3:  
    4:     <% if @post.errors.any? %>
    5:       <div id="error_explanation">
  
app/views/posts/_form.html.erb:2:in `block in _app_views_posts__form_html_erb___2982656258443919636_70144843898680'
app/views/posts/_form.html.erb:1:in `_app_views_posts__form_html_erb___2982656258443919636_70144843898680'
app/views/posts/index.html.erb:2:in `_app_views_posts_index_html_erb__1257806282532088202_70144814992780'
Started GET "/" for 127.0.0.1 at 2018-05-25 13:34:45 -0400
Processing by PostsController#index as HTML
  Rendering posts/index.html.erb within layouts/application
  [1m[36mUser Load (0.5ms)[0m  [1m[34mSELECT  "users".* FROM "users" WHERE "users"."id" = $1 LIMIT $2[0m  [["id", 1], ["LIMIT", 1]]
  ↳ app/controllers/application_controller.rb:6
  Rendered posts/_form.html.erb (45.8ms)
  Rendered posts/index.html.erb within layouts/application (49.2ms)
Completed 500 Internal Server Error in 65ms (ActiveRecord: 0.5ms)


  
ActionView::Template::Error (undefined method `errors' for nil:NilClass):
    1: <%= form_with model: @post, local: true do |form| %>
    2:     <%= form.hidden_field :user_id, value: current_user.id %>
    3:  
    4:     <% if @post.errors.any? %>
    5:       <div id="error_explanation">
    6:         <h2>
    7:           <%= pluralize(@post.errors.count, "error") %> prohibited
  
app/views/posts/_form.html.erb:4:in `block in _app_views_posts__form_html_erb___2982656258443919636_70144816907300'
app/views/posts/_form.html.erb:1:in `_app_views_posts__form_html_erb___2982656258443919636_70144816907300'
app/views/posts/index.html.erb:2:in `_app_views_posts_index_html_erb__1257806282532088202_70144856676760'
Started GET "/" for 127.0.0.1 at 2018-05-25 13:35:11 -0400
Processing by PostsController#index as HTML
  Rendering posts/index.html.erb within layouts/application
  [1m[36mUser Load (1.2ms)[0m  [1m[34mSELECT  "users".* FROM "users" WHERE "users"."id" = $1 LIMIT $2[0m  [["id", 1], ["LIMIT", 1]]
  ↳ app/controllers/application_controller.rb:6
  Rendered posts/_form.html.erb (25.9ms)
  Rendered posts/index.html.erb within layouts/application (35.4ms)
Completed 500 Internal Server Error in 62ms (ActiveRecord: 1.2ms)


  
ActionView::Template::Error (undefined method `errors' for nil:NilClass):
    1: <%= form_with model: @post, local: true do |form| %>
    2:     <%= form.hidden_field :user_id, value: current_user.id %>
    3:  
    4:     <% if @post.errors.any? %>
    5:       <div id="error_explanation">
    6:         <h2>
    7:           <%= pluralize(@post.errors.count, "error") %> prohibited
  
app/views/posts/_form.html.erb:4:in `block in _app_views_posts__form_html_erb___2982656258443919636_70144838578960'
app/views/posts/_form.html.erb:1:in `_app_views_posts__form_html_erb___2982656258443919636_70144838578960'
app/views/posts/index.html.erb:2:in `_app_views_posts_index_html_erb__1257806282532088202_70144838510820'
Started GET "/" for 127.0.0.1 at 2018-05-25 13:35:46 -0400
Processing by PostsController#index as HTML
  Rendering posts/index.html.erb within layouts/application
  [1m[36mUser Load (1.0ms)[0m  [1m[34mSELECT  "users".* FROM "users" WHERE "users"."id" = $1 LIMIT $2[0m  [["id", 1], ["LIMIT", 1]]
  ↳ app/controllers/application_controller.rb:6
  Rendered posts/_form.html.erb (12.7ms)
  Rendered posts/index.html.erb within layouts/application (17.2ms)
Completed 500 Internal Server Error in 36ms (ActiveRecord: 1.0ms)


  
ActionView::Template::Error (undefined method `errors' for nil:NilClass):
    1: <%= form_with model: @post, local: true do |form| %>
    2:     <%= form.hidden_field :user_id, value: current_user.id %>
    3:  
    4:     <% if @post.errors.any? %>
    5:       <div id="error_explanation">
    6:         <h2>
    7:           <%= pluralize(@post.errors.count, "error") %> prohibited
  
app/views/posts/_form.html.erb:4:in `block in _app_views_posts__form_html_erb___2982656258443919636_70144873929840'
app/views/posts/_form.html.erb:1:in `_app_views_posts__form_html_erb___2982656258443919636_70144873929840'
app/views/posts/index.html.erb:2:in `_app_views_posts_index_html_erb__1257806282532088202_70144873861620'
Started GET "/" for 127.0.0.1 at 2018-05-25 13:37:35 -0400
Processing by PostsController#index as HTML
  Rendering posts/index.html.erb within layouts/application
  Rendered posts/index.html.erb within layouts/application (11.2ms)
  [1m[36mUser Load (1.1ms)[0m  [1m[34mSELECT  "users".* FROM "users" WHERE "users"."id" = $1 LIMIT $2[0m  [["id", 1], ["LIMIT", 1]]
  ↳ app/controllers/application_controller.rb:6
Completed 200 OK in 163ms (Views: 145.5ms | ActiveRecord: 1.1ms)


Started GET "/posts/new" for 127.0.0.1 at 2018-05-25 13:37:38 -0400
Processing by PostsController#new as HTML
  Rendering posts/new.html.erb within layouts/application
  [1m[36mUser Load (0.5ms)[0m  [1m[34mSELECT  "users".* FROM "users" WHERE "users"."id" = $1 LIMIT $2[0m  [["id", 1], ["LIMIT", 1]]
  ↳ app/controllers/application_controller.rb:6
  Rendered posts/_form.html.erb (73.6ms)
  Rendered posts/new.html.erb within layouts/application (80.0ms)
Completed 200 OK in 174ms (Views: 126.8ms | ActiveRecord: 14.9ms)


Started POST "/posts" for 127.0.0.1 at 2018-05-25 13:38:06 -0400
Processing by PostsController#create as HTML
  Parameters: {"utf8"=>"✓", "authenticity_token"=>"Vt3N3MPnmZbH7vQRrUUwfXMTq7YaDyy1tA8J9MmhoBjbZ6yj9dzRvdXAves5/0j+jOVI4GX7XgP+4ghti4SebA==", "post"=>{"user_id"=>"1", "title"=>"The first post", "text"=>"lorem ipsum blaaa lorem ipsum blaaalorem ipsum blaaalorem ipsum blaaa lorem ipsum blaaa lorem ipsum blaaa lorem ipsum blaaa lorem ipsum blaaa lorem ipsum blaaa lorem ipsum blaaa"}, "commit"=>"Create Post"}
  [1m[35m (13.4ms)[0m  [1m[35mBEGIN[0m
  ↳ app/controllers/posts_controller.rb:12
  [1m[36mUser Load (0.4ms)[0m  [1m[34mSELECT  "users".* FROM "users" WHERE "users"."id" = $1 LIMIT $2[0m  [["id", 1], ["LIMIT", 1]]
  ↳ app/controllers/posts_controller.rb:12
  [1m[36mPost Create (23.5ms)[0m  [1m[32mINSERT INTO "posts" ("user_id", "title", "text", "created_at", "updated_at") VALUES ($1, $2, $3, $4, $5) RETURNING "id"[0m  [["user_id", 1], ["title", "The first post"], ["text", "lorem ipsum blaaa lorem ipsum blaaalorem ipsum blaaalorem ipsum blaaa lorem ipsum blaaa lorem ipsum blaaa lorem ipsum blaaa lorem ipsum blaaa lorem ipsum blaaa lorem ipsum blaaa"], ["created_at", "2018-05-25 17:38:06.616063"], ["updated_at", "2018-05-25 17:38:06.616063"]]
  ↳ app/controllers/posts_controller.rb:12
  [1m[35m (1.5ms)[0m  [1m[35mCOMMIT[0m
  ↳ app/controllers/posts_controller.rb:12
Redirected to http://localhost:3000/posts/1
Completed 302 Found in 115ms (ActiveRecord: 38.8ms)


Started GET "/posts/1" for 127.0.0.1 at 2018-05-25 13:38:06 -0400
Processing by PostsController#show as HTML
  Parameters: {"id"=>"1"}
  [1m[36mPost Load (0.5ms)[0m  [1m[34mSELECT  "posts".* FROM "posts" WHERE "posts"."id" = $1 LIMIT $2[0m  [["id", 1], ["LIMIT", 1]]
  ↳ app/controllers/posts_controller.rb:29
  Rendering posts/show.html.erb within layouts/application
  Rendered posts/show.html.erb within layouts/application (0.6ms)
  [1m[36mUser Load (0.4ms)[0m  [1m[34mSELECT  "users".* FROM "users" WHERE "users"."id" = $1 LIMIT $2[0m  [["id", 1], ["LIMIT", 1]]
  ↳ app/controllers/application_controller.rb:6
Completed 200 OK in 94ms (Views: 82.7ms | ActiveRecord: 0.8ms)


Started GET "/" for 127.0.0.1 at 2018-05-25 13:39:29 -0400
Processing by PostsController#index as HTML
  Rendering posts/index.html.erb within layouts/application
  Rendered posts/index.html.erb within layouts/application (4.4ms)
  [1m[36mUser Load (0.8ms)[0m  [1m[34mSELECT  "users".* FROM "users" WHERE "users"."id" = $1 LIMIT $2[0m  [["id", 1], ["LIMIT", 1]]
  ↳ app/controllers/application_controller.rb:6
Completed 200 OK in 133ms (Views: 121.1ms | ActiveRecord: 0.8ms)


Started GET "/posts/new" for 127.0.0.1 at 2018-05-25 13:39:31 -0400
Processing by PostsController#new as HTML
  Rendering posts/new.html.erb within layouts/application
  [1m[36mUser Load (0.8ms)[0m  [1m[34mSELECT  "users".* FROM "users" WHERE "users"."id" = $1 LIMIT $2[0m  [["id", 1], ["LIMIT", 1]]
  ↳ app/controllers/application_controller.rb:6
  Rendered posts/_form.html.erb (28.9ms)
  Rendered posts/new.html.erb within layouts/application (34.5ms)
Completed 200 OK in 113ms (Views: 105.5ms | ActiveRecord: 0.8ms)


Started GET "/" for 127.0.0.1 at 2018-05-25 13:39:32 -0400
Processing by PostsController#index as HTML
  Rendering posts/index.html.erb within layouts/application
  Rendered posts/index.html.erb within layouts/application (0.9ms)
  [1m[36mUser Load (0.5ms)[0m  [1m[34mSELECT  "users".* FROM "users" WHERE "users"."id" = $1 LIMIT $2[0m  [["id", 1], ["LIMIT", 1]]
  ↳ app/controllers/application_controller.rb:6
Completed 200 OK in 112ms (Views: 107.1ms | ActiveRecord: 0.5ms)


Started GET "/" for 127.0.0.1 at 2018-05-25 13:46:26 -0400
Processing by PostsController#index as HTML
  Rendering posts/index.html.erb within layouts/application
  [1m[36mPost Load (1.0ms)[0m  [1m[34mSELECT "posts".* FROM "posts"[0m
  ↳ app/views/posts/index.html.erb:4
  [1m[36mUser Load (1.0ms)[0m  [1m[34mSELECT  "users".* FROM "users" WHERE "users"."id" = $1 LIMIT $2[0m  [["id", 1], ["LIMIT", 1]]
  ↳ app/views/posts/index.html.erb:7
  Rendered posts/index.html.erb within layouts/application (26.7ms)
  [1m[36mCACHE User Load (0.0ms)[0m  [1m[34mSELECT  "users".* FROM "users" WHERE "users"."id" = $1 LIMIT $2[0m  [["id", 1], ["LIMIT", 1]]
  ↳ app/controllers/application_controller.rb:6
Completed 200 OK in 149ms (Views: 135.0ms | ActiveRecord: 2.4ms)


Started GET "/" for 127.0.0.1 at 2018-05-25 13:49:05 -0400
Processing by PostsController#index as HTML
  Rendering posts/index.html.erb within layouts/application
  [1m[36mPost Load (1.0ms)[0m  [1m[34mSELECT "posts".* FROM "posts"[0m
  ↳ app/views/posts/index.html.erb:4
  [1m[36mUser Load (1.5ms)[0m  [1m[34mSELECT  "users".* FROM "users" WHERE "users"."id" = $1 LIMIT $2[0m  [["id", 1], ["LIMIT", 1]]
  ↳ app/views/posts/index.html.erb:7
  Rendered posts/index.html.erb within layouts/application (54.6ms)
  [1m[36mCACHE User Load (0.0ms)[0m  [1m[34mSELECT  "users".* FROM "users" WHERE "users"."id" = $1 LIMIT $2[0m  [["id", 1], ["LIMIT", 1]]
  ↳ app/controllers/application_controller.rb:6
Completed 200 OK in 201ms (Views: 177.8ms | ActiveRecord: 2.6ms)


Started GET "/" for 127.0.0.1 at 2018-05-25 13:49:44 -0400
Processing by PostsController#index as HTML
  Rendering posts/index.html.erb within layouts/application
  [1m[36mPost Load (0.9ms)[0m  [1m[34mSELECT "posts".* FROM "posts"[0m
  ↳ app/views/posts/index.html.erb:4
  [1m[36mUser Load (0.6ms)[0m  [1m[34mSELECT  "users".* FROM "users" WHERE "users"."id" = $1 LIMIT $2[0m  [["id", 1], ["LIMIT", 1]]
  ↳ app/views/posts/index.html.erb:7
  Rendered posts/index.html.erb within layouts/application (34.5ms)
  [1m[36mCACHE User Load (0.0ms)[0m  [1m[34mSELECT  "users".* FROM "users" WHERE "users"."id" = $1 LIMIT $2[0m  [["id", 1], ["LIMIT", 1]]
  ↳ app/controllers/application_controller.rb:6
Completed 200 OK in 177ms (Views: 159.6ms | ActiveRecord: 1.6ms)


Started GET "/" for 127.0.0.1 at 2018-05-25 13:51:41 -0400
Processing by PostsController#index as HTML
  Rendering posts/index.html.erb within layouts/application
  [1m[36mPost Load (1.0ms)[0m  [1m[34mSELECT "posts".* FROM "posts"[0m
  ↳ app/views/posts/index.html.erb:4
  Rendered posts/index.html.erb within layouts/application (810.8ms)
Completed 500 Internal Server Error in 836ms (ActiveRecord: 1.0ms)


  
ActionView::Template::Error (undefined local variable or method `posts' for #<#<Class:0x00007f97bc561020>:0x00007f97b98e5d70>
Did you mean?  post
               @posts):
    3: 
    4: <% @posts.each do |post| %>
    5:     <div class='card-body my-2' style='background-color: #D4FCC7;'>
    6:         <h3  class='card-title' style='font-size: 1.4rem;'><%= link_to post.title, posts/:id %></h3>
    7:         <h4 class='card-subtitle text-muted' style='font-size: 1.2rem;'><%= "Posted by #{post.user}"%></h4>
    8:         <p class='card-text'><%= post.text %></p>
    9:     </div>
  
app/views/posts/index.html.erb:6:in `block in _app_views_posts_index_html_erb__1257806282532088202_70144814954780'
app/views/posts/index.html.erb:4:in `_app_views_posts_index_html_erb__1257806282532088202_70144814954780'
Started GET "/" for 127.0.0.1 at 2018-05-25 13:52:02 -0400
Processing by PostsController#index as HTML
  Rendering posts/index.html.erb within layouts/application
  [1m[36mPost Load (1.0ms)[0m  [1m[34mSELECT "posts".* FROM "posts"[0m
  ↳ app/views/posts/index.html.erb:4
  Rendered posts/index.html.erb within layouts/application (620.6ms)
Completed 500 Internal Server Error in 649ms (ActiveRecord: 1.0ms)


  
ActionView::Template::Error (undefined local variable or method `posts' for #<#<Class:0x00007f97bc561020>:0x00007f97b8c87880>
Did you mean?  post
               @posts):
    3: 
    4: <% @posts.each do |post| %>
    5:     <div class='card-body my-2' style='background-color: #D4FCC7;'>
    6:         <h3  class='card-title' style='font-size: 1.4rem;'><%= link_to '#{post.title}', posts/:id %></h3>
    7:         <h4 class='card-subtitle text-muted' style='font-size: 1.2rem;'><%= "Posted by #{post.user}"%></h4>
    8:         <p class='card-text'><%= post.text %></p>
    9:     </div>
  
app/views/posts/index.html.erb:6:in `block in _app_views_posts_index_html_erb__1257806282532088202_70144816087480'
app/views/posts/index.html.erb:4:in `_app_views_posts_index_html_erb__1257806282532088202_70144816087480'
Started GET "/" for 127.0.0.1 at 2018-05-25 13:52:49 -0400
Processing by PostsController#index as HTML
  Rendering posts/index.html.erb within layouts/application
  [1m[36mPost Load (1.1ms)[0m  [1m[34mSELECT "posts".* FROM "posts"[0m
  ↳ app/views/posts/index.html.erb:4
  Rendered posts/index.html.erb within layouts/application (851.6ms)
Completed 500 Internal Server Error in 888ms (ActiveRecord: 1.1ms)


  
ActionView::Template::Error (undefined local variable or method `posts' for #<#<Class:0x00007f97bc561020>:0x00007f97bfa86638>
Did you mean?  post
               @posts):
    3: 
    4: <% @posts.each do |post| %>
    5:     <div class='card-body my-2' style='background-color: #D4FCC7;'>
    6:         <h3  class='card-title' style='font-size: 1.4rem;'><%= link_to '#{post.title}', posts/(post) %></h3>
    7:         <h4 class='card-subtitle text-muted' style='font-size: 1.2rem;'><%= "Posted by #{post.user}"%></h4>
    8:         <p class='card-text'><%= post.text %></p>
    9:     </div>
  
app/views/posts/index.html.erb:6:in `block in _app_views_posts_index_html_erb__1257806282532088202_70144866138040'
app/views/posts/index.html.erb:4:in `_app_views_posts_index_html_erb__1257806282532088202_70144866138040'
Started GET "/" for 127.0.0.1 at 2018-05-25 13:54:04 -0400
Processing by PostsController#index as HTML
  Rendering posts/index.html.erb within layouts/application
  Rendered posts/index.html.erb within layouts/application (7.5ms)
Completed 500 Internal Server Error in 36ms (ActiveRecord: 0.0ms)


  
SyntaxError (/Users/mollybrown/Momentum_homework/rails-reddit/app/views/posts/index.html.erb:7: syntax error, unexpected '<', expecting ')'
        <h4 class=\'card-subtitle text...
        ^
/Users/mollybrown/Momentum_homework/rails-reddit/app/views/posts/index.html.erb:12: syntax error, unexpected keyword_end, expecting ')'
'.freeze; end 
          ^~~
/Users/mollybrown/Momentum_homework/rails-reddit/app/views/posts/index.html.erb:14: syntax error, unexpected keyword_ensure, expecting ')'
          ensure
          ^~~~~~
/Users/mollybrown/Momentum_homework/rails-reddit/app/views/posts/index.html.erb:16: syntax error, unexpected keyword_end, expecting ')'
          end
          ^~~):
  
app/views/posts/index.html.erb:7: syntax error, unexpected '<', expecting ')'
app/views/posts/index.html.erb:12: syntax error, unexpected keyword_end, expecting ')'
app/views/posts/index.html.erb:14: syntax error, unexpected keyword_ensure, expecting ')'
app/views/posts/index.html.erb:16: syntax error, unexpected keyword_end, expecting ')'
Started GET "/" for 127.0.0.1 at 2018-05-25 13:55:16 -0400
Processing by PostsController#index as HTML
  Rendering posts/index.html.erb within layouts/application
  [1m[36mPost Load (1.3ms)[0m  [1m[34mSELECT "posts".* FROM "posts"[0m
  ↳ app/views/posts/index.html.erb:4
  Rendered posts/index.html.erb within layouts/application (29.8ms)
Completed 500 Internal Server Error in 59ms (ActiveRecord: 1.3ms)


  
ActionView::Template::Error (No route matches {:action=>"show", :controller=>"posts"}, missing required keys: [:id]):
    3: 
    4: <% @posts.each do |post| %>
    5:     <div class='card-body my-2' style='background-color: #D4FCC7;'>
    6:         <h3  class='card-title' style='font-size: 1.4rem;'><%= link_to '#{post.title}', post_path %></h3>
    7:         <h4 class='card-subtitle text-muted' style='font-size: 1.2rem;'><%= "Posted by #{post.user}"%></h4>
    8:         <p class='card-text'><%= post.text %></p>
    9:     </div>
  
app/views/posts/index.html.erb:6:in `block in _app_views_posts_index_html_erb__1257806282532088202_70144817384540'
app/views/posts/index.html.erb:4:in `_app_views_posts_index_html_erb__1257806282532088202_70144817384540'
Started GET "/" for 127.0.0.1 at 2018-05-25 13:55:36 -0400
Processing by PostsController#index as HTML
  Rendering posts/index.html.erb within layouts/application
  [1m[36mPost Load (0.6ms)[0m  [1m[34mSELECT "posts".* FROM "posts"[0m
  ↳ app/views/posts/index.html.erb:4
  [1m[36mUser Load (1.0ms)[0m  [1m[34mSELECT  "users".* FROM "users" WHERE "users"."id" = $1 LIMIT $2[0m  [["id", 1], ["LIMIT", 1]]
  ↳ app/views/posts/index.html.erb:7
  Rendered posts/index.html.erb within layouts/application (10.1ms)
  [1m[36mCACHE User Load (0.0ms)[0m  [1m[34mSELECT  "users".* FROM "users" WHERE "users"."id" = $1 LIMIT $2[0m  [["id", 1], ["LIMIT", 1]]
  ↳ app/controllers/application_controller.rb:6
Completed 200 OK in 93ms (Views: 85.2ms | ActiveRecord: 1.7ms)


Started GET "/posts/1" for 127.0.0.1 at 2018-05-25 13:55:41 -0400
Processing by PostsController#show as HTML
  Parameters: {"id"=>"1"}
  [1m[36mPost Load (1.9ms)[0m  [1m[34mSELECT  "posts".* FROM "posts" WHERE "posts"."id" = $1 LIMIT $2[0m  [["id", 1], ["LIMIT", 1]]
  ↳ app/controllers/posts_controller.rb:29
  Rendering posts/show.html.erb within layouts/application
  Rendered posts/show.html.erb within layouts/application (658.6ms)
Completed 500 Internal Server Error in 757ms (ActiveRecord: 122.8ms)


  
ActionView::Template::Error (undefined method `post_comments_path' for #<#<Class:0x00007f97bc561020>:0x00007f97be923210>
Did you mean?  posts_path):
    10: </p>
    11: 
    12: <h2>Comments</h2>
    13: <%= form_with(model: [@post, @post.comments.build ],
    14: local: true) do |form| %>
    15:     <p>
    16:         <%= form.label :user_id %>
  
app/views/posts/show.html.erb:13:in `_app_views_posts_show_html_erb__953743302752377451_70144857021860'
Started GET "/" for 127.0.0.1 at 2018-05-25 13:55:44 -0400
Processing by PostsController#index as HTML
  Rendering posts/index.html.erb within layouts/application
  [1m[36mPost Load (5.8ms)[0m  [1m[34mSELECT "posts".* FROM "posts"[0m
  ↳ app/views/posts/index.html.erb:4
  [1m[36mUser Load (1.6ms)[0m  [1m[34mSELECT  "users".* FROM "users" WHERE "users"."id" = $1 LIMIT $2[0m  [["id", 1], ["LIMIT", 1]]
  ↳ app/views/posts/index.html.erb:7
  Rendered posts/index.html.erb within layouts/application (14.5ms)
  [1m[36mCACHE User Load (0.0ms)[0m  [1m[34mSELECT  "users".* FROM "users" WHERE "users"."id" = $1 LIMIT $2[0m  [["id", 1], ["LIMIT", 1]]
  ↳ app/controllers/application_controller.rb:6
Completed 200 OK in 79ms (Views: 67.0ms | ActiveRecord: 7.4ms)


Started GET "/" for 127.0.0.1 at 2018-05-25 13:56:04 -0400
Processing by PostsController#index as HTML
  Rendering posts/index.html.erb within layouts/application
  [1m[36mPost Load (1.5ms)[0m  [1m[34mSELECT "posts".* FROM "posts"[0m
  ↳ app/views/posts/index.html.erb:4
  [1m[36mUser Load (1.9ms)[0m  [1m[34mSELECT  "users".* FROM "users" WHERE "users"."id" = $1 LIMIT $2[0m  [["id", 1], ["LIMIT", 1]]
  ↳ app/views/posts/index.html.erb:7
  Rendered posts/index.html.erb within layouts/application (12.9ms)
  [1m[36mCACHE User Load (0.0ms)[0m  [1m[34mSELECT  "users".* FROM "users" WHERE "users"."id" = $1 LIMIT $2[0m  [["id", 1], ["LIMIT", 1]]
  ↳ app/controllers/application_controller.rb:6
Completed 200 OK in 91ms (Views: 81.1ms | ActiveRecord: 3.4ms)


Started GET "/" for 127.0.0.1 at 2018-05-25 13:56:13 -0400
Processing by PostsController#index as HTML
  Rendering posts/index.html.erb within layouts/application
  [1m[36mPost Load (0.5ms)[0m  [1m[34mSELECT "posts".* FROM "posts"[0m
  ↳ app/views/posts/index.html.erb:4
  [1m[36mUser Load (0.3ms)[0m  [1m[34mSELECT  "users".* FROM "users" WHERE "users"."id" = $1 LIMIT $2[0m  [["id", 1], ["LIMIT", 1]]
  ↳ app/views/posts/index.html.erb:7
  Rendered posts/index.html.erb within layouts/application (7.7ms)
  [1m[36mCACHE User Load (0.0ms)[0m  [1m[34mSELECT  "users".* FROM "users" WHERE "users"."id" = $1 LIMIT $2[0m  [["id", 1], ["LIMIT", 1]]
  ↳ app/controllers/application_controller.rb:6
Completed 200 OK in 90ms (Views: 82.1ms | ActiveRecord: 0.8ms)


Started GET "/posts/new" for 127.0.0.1 at 2018-05-25 13:56:22 -0400
Processing by PostsController#new as HTML
  Rendering posts/new.html.erb within layouts/application
  [1m[36mUser Load (0.5ms)[0m  [1m[34mSELECT  "users".* FROM "users" WHERE "users"."id" = $1 LIMIT $2[0m  [["id", 1], ["LIMIT", 1]]
  ↳ app/controllers/application_controller.rb:6
  Rendered posts/_form.html.erb (30.7ms)
  Rendered posts/new.html.erb within layouts/application (38.4ms)
Completed 200 OK in 152ms (Views: 142.4ms | ActiveRecord: 0.5ms)


Started POST "/posts" for 127.0.0.1 at 2018-05-25 13:56:41 -0400
Processing by PostsController#create as HTML
  Parameters: {"utf8"=>"✓", "authenticity_token"=>"aX70x2VUz6fPiq1sT1YzvqqJ4B6NqKS5dU4HAa2xIYPkxJW4U2+HjN2k5Jbb7Es9VX8DSPJc1g8/owaY75Qf9w==", "post"=>{"user_id"=>"1", "title"=>"Second Post", "text"=>"mfknbqhi mfknbqhi mfknbqhi mfknbqhi mfknbqhi mfknbqhi mfknbqhi mfknbqhi mfknbqhi mfknbqhi mfknbqhi mfknbqhi "}, "commit"=>"Create Post"}
  [1m[35m (17.2ms)[0m  [1m[35mBEGIN[0m
  ↳ app/controllers/posts_controller.rb:12
  [1m[36mUser Load (0.4ms)[0m  [1m[34mSELECT  "users".* FROM "users" WHERE "users"."id" = $1 LIMIT $2[0m  [["id", 1], ["LIMIT", 1]]
  ↳ app/controllers/posts_controller.rb:12
  [1m[36mPost Create (23.6ms)[0m  [1m[32mINSERT INTO "posts" ("user_id", "title", "text", "created_at", "updated_at") VALUES ($1, $2, $3, $4, $5) RETURNING "id"[0m  [["user_id", 1], ["title", "Second Post"], ["text", "mfknbqhi mfknbqhi mfknbqhi mfknbqhi mfknbqhi mfknbqhi mfknbqhi mfknbqhi mfknbqhi mfknbqhi mfknbqhi mfknbqhi "], ["created_at", "2018-05-25 17:56:41.559658"], ["updated_at", "2018-05-25 17:56:41.559658"]]
  ↳ app/controllers/posts_controller.rb:12
  [1m[35m (2.2ms)[0m  [1m[35mCOMMIT[0m
  ↳ app/controllers/posts_controller.rb:12
Redirected to http://localhost:3000/posts/2
Completed 302 Found in 152ms (ActiveRecord: 43.4ms)


Started GET "/posts/2" for 127.0.0.1 at 2018-05-25 13:56:41 -0400
Processing by PostsController#show as HTML
  Parameters: {"id"=>"2"}
  [1m[36mPost Load (0.5ms)[0m  [1m[34mSELECT  "posts".* FROM "posts" WHERE "posts"."id" = $1 LIMIT $2[0m  [["id", 2], ["LIMIT", 1]]
  ↳ app/controllers/posts_controller.rb:29
  Rendering posts/show.html.erb within layouts/application
  Rendered posts/show.html.erb within layouts/application (375.0ms)
Completed 500 Internal Server Error in 396ms (ActiveRecord: 0.5ms)


  
ActionView::Template::Error (undefined method `post_comments_path' for #<#<Class:0x00007f97bc561020>:0x00007f97bfd3eee8>
Did you mean?  posts_path):
    10: </p>
    11: 
    12: <h2>Comments</h2>
    13: <%= form_with(model: [@post, @post.comments.build ],
    14: local: true) do |form| %>
    15:     <p>
    16:         <%= form.label :user_id %>
  
app/views/posts/show.html.erb:13:in `_app_views_posts_show_html_erb__953743302752377451_70144867564540'
Started GET "/posts/2" for 127.0.0.1 at 2018-05-25 13:57:06 -0400
Processing by PostsController#show as HTML
  Parameters: {"id"=>"2"}
  [1m[36mPost Load (1.7ms)[0m  [1m[34mSELECT  "posts".* FROM "posts" WHERE "posts"."id" = $1 LIMIT $2[0m  [["id", 2], ["LIMIT", 1]]
  ↳ app/controllers/posts_controller.rb:29
  Rendering posts/show.html.erb within layouts/application
  Rendered posts/show.html.erb within layouts/application (7.3ms)
Completed 500 Internal Server Error in 57ms (ActiveRecord: 1.7ms)


  
SyntaxError (/Users/mollybrown/Momentum_homework/rails-reddit/app/views/posts/show.html.erb:28: syntax error, unexpected tCONSTANT, expecting =>
...t_buffer.append=( link_to 'Home', root_url );@output_buffer....
...                           ^~~~
/Users/mollybrown/Momentum_homework/rails-reddit/app/views/posts/show.html.erb:29: syntax error, unexpected tCONSTANT, expecting keyword_end
...t_buffer.append=( link_to 'Edit', edit_posts_path );
...                           ^~~~
/Users/mollybrown/Momentum_homework/rails-reddit/app/views/posts/show.html.erb:33: unterminated string meets end of file
          end
             ^
/Users/mollybrown/Momentum_homework/rails-reddit/app/views/posts/show.html.erb:33: syntax error, unexpected end-of-input, expecting keyword_end
          end
             ^):
  
app/views/posts/show.html.erb:28: syntax error, unexpected tCONSTANT, expecting =>
app/views/posts/show.html.erb:29: syntax error, unexpected tCONSTANT, expecting keyword_end
app/views/posts/show.html.erb:33: unterminated string meets end of file
app/views/posts/show.html.erb:33: syntax error, unexpected end-of-input, expecting keyword_end
Started GET "/posts/2" for 127.0.0.1 at 2018-05-25 13:57:41 -0400
Processing by PostsController#show as HTML
  Parameters: {"id"=>"2"}
  [1m[36mPost Load (1.5ms)[0m  [1m[34mSELECT  "posts".* FROM "posts" WHERE "posts"."id" = $1 LIMIT $2[0m  [["id", 2], ["LIMIT", 1]]
  ↳ app/controllers/posts_controller.rb:29
  Rendering posts/show.html.erb within layouts/application
  Rendered posts/show.html.erb within layouts/application (5.6ms)
Completed 500 Internal Server Error in 51ms (ActiveRecord: 1.5ms)


  
SyntaxError (/Users/mollybrown/Momentum_homework/rails-reddit/app/views/posts/show.html.erb:28: syntax error, unexpected tCONSTANT, expecting =>
...t_buffer.append=( link_to 'Home', posts_path );@output_buffe...
...                           ^~~~
/Users/mollybrown/Momentum_homework/rails-reddit/app/views/posts/show.html.erb:29: syntax error, unexpected tCONSTANT, expecting keyword_end
...t_buffer.append=( link_to 'Edit', edit_posts_path );
...                           ^~~~
/Users/mollybrown/Momentum_homework/rails-reddit/app/views/posts/show.html.erb:33: unterminated string meets end of file
          end
             ^
/Users/mollybrown/Momentum_homework/rails-reddit/app/views/posts/show.html.erb:33: syntax error, unexpected end-of-input, expecting keyword_end
          end
             ^):
  
app/views/posts/show.html.erb:28: syntax error, unexpected tCONSTANT, expecting =>
app/views/posts/show.html.erb:29: syntax error, unexpected tCONSTANT, expecting keyword_end
app/views/posts/show.html.erb:33: unterminated string meets end of file
app/views/posts/show.html.erb:33: syntax error, unexpected end-of-input, expecting keyword_end
Started GET "/posts/2" for 127.0.0.1 at 2018-05-25 13:58:59 -0400
Processing by PostsController#show as HTML
  Parameters: {"id"=>"2"}
  [1m[36mPost Load (1.5ms)[0m  [1m[34mSELECT  "posts".* FROM "posts" WHERE "posts"."id" = $1 LIMIT $2[0m  [["id", 2], ["LIMIT", 1]]
  ↳ app/controllers/posts_controller.rb:29
  Rendering posts/show.html.erb within layouts/application
  Rendered posts/show.html.erb within layouts/application (780.8ms)
Completed 500 Internal Server Error in 829ms (ActiveRecord: 1.5ms)


  
ActionView::Template::Error (undefined local variable or method `edit_posts_path' for #<#<Class:0x00007f97bc561020>:0x00007f97bfb54538>
Did you mean?  edit_post_path
               edit_user_path
               edit_login_path):
    26: 
    27: 
    28: <%= link_to 'Home', posts_path %>
    29: <%= link_to 'Edit', edit_posts_path %>
  
app/views/posts/show.html.erb:29:in `_app_views_posts_show_html_erb__953743302752377451_70144866559900'
Started GET "/posts/2" for 127.0.0.1 at 2018-05-25 13:59:18 -0400
Processing by PostsController#show as HTML
  Parameters: {"id"=>"2"}
  [1m[36mPost Load (0.6ms)[0m  [1m[34mSELECT  "posts".* FROM "posts" WHERE "posts"."id" = $1 LIMIT $2[0m  [["id", 2], ["LIMIT", 1]]
  ↳ app/controllers/posts_controller.rb:29
  Rendering posts/show.html.erb within layouts/application
  Rendered posts/show.html.erb within layouts/application (2.1ms)
  [1m[36mUser Load (0.4ms)[0m  [1m[34mSELECT  "users".* FROM "users" WHERE "users"."id" = $1 LIMIT $2[0m  [["id", 1], ["LIMIT", 1]]
  ↳ app/controllers/application_controller.rb:6
Completed 200 OK in 65ms (Views: 59.7ms | ActiveRecord: 1.1ms)


Started GET "/posts" for 127.0.0.1 at 2018-05-25 13:59:27 -0400
Processing by PostsController#index as HTML
  Rendering posts/index.html.erb within layouts/application
  [1m[36mPost Load (12.7ms)[0m  [1m[34mSELECT "posts".* FROM "posts"[0m
  ↳ app/views/posts/index.html.erb:4
  [1m[36mUser Load (1.1ms)[0m  [1m[34mSELECT  "users".* FROM "users" WHERE "users"."id" = $1 LIMIT $2[0m  [["id", 1], ["LIMIT", 1]]
  ↳ app/views/posts/index.html.erb:7
  [1m[36mCACHE User Load (0.0ms)[0m  [1m[34mSELECT  "users".* FROM "users" WHERE "users"."id" = $1 LIMIT $2[0m  [["id", 1], ["LIMIT", 1]]
  ↳ app/views/posts/index.html.erb:7
  Rendered posts/index.html.erb within layouts/application (26.7ms)
  [1m[36mCACHE User Load (0.0ms)[0m  [1m[34mSELECT  "users".* FROM "users" WHERE "users"."id" = $1 LIMIT $2[0m  [["id", 1], ["LIMIT", 1]]
  ↳ app/controllers/application_controller.rb:6
Completed 200 OK in 88ms (Views: 68.4ms | ActiveRecord: 13.9ms)


Started GET "/posts" for 127.0.0.1 at 2018-05-25 14:00:45 -0400
Processing by PostsController#index as HTML
  Rendering posts/index.html.erb within layouts/application
  [1m[36mPost Load (1.0ms)[0m  [1m[34mSELECT "posts".* FROM "posts"[0m
  ↳ app/views/posts/index.html.erb:4
  [1m[36mUser Load (0.6ms)[0m  [1m[34mSELECT  "users".* FROM "users" WHERE "users"."id" = $1 LIMIT $2[0m  [["id", 1], ["LIMIT", 1]]
  ↳ app/views/posts/index.html.erb:7
  [1m[36mCACHE User Load (0.0ms)[0m  [1m[34mSELECT  "users".* FROM "users" WHERE "users"."id" = $1 LIMIT $2[0m  [["id", 1], ["LIMIT", 1]]
  ↳ app/views/posts/index.html.erb:7
  Rendered posts/index.html.erb within layouts/application (30.7ms)
  [1m[36mCACHE User Load (0.1ms)[0m  [1m[34mSELECT  "users".* FROM "users" WHERE "users"."id" = $1 LIMIT $2[0m  [["id", 1], ["LIMIT", 1]]
  ↳ app/controllers/application_controller.rb:6
Completed 200 OK in 134ms (Views: 117.8ms | ActiveRecord: 1.7ms)


Started GET "/posts" for 127.0.0.1 at 2018-05-25 14:01:49 -0400
Processing by PostsController#index as HTML
  Rendering posts/index.html.erb within layouts/application
  [1m[36mPost Load (1.2ms)[0m  [1m[34mSELECT "posts".* FROM "posts"[0m
  ↳ app/views/posts/index.html.erb:4
  [1m[36mUser Load (0.6ms)[0m  [1m[34mSELECT  "users".* FROM "users" WHERE "users"."id" = $1 LIMIT $2[0m  [["id", 1], ["LIMIT", 1]]
  ↳ app/views/posts/index.html.erb:7
  [1m[36mCACHE User Load (0.0ms)[0m  [1m[34mSELECT  "users".* FROM "users" WHERE "users"."id" = $1 LIMIT $2[0m  [["id", 1], ["LIMIT", 1]]
  ↳ app/views/posts/index.html.erb:7
  Rendered posts/index.html.erb within layouts/application (35.3ms)
  [1m[36mCACHE User Load (0.0ms)[0m  [1m[34mSELECT  "users".* FROM "users" WHERE "users"."id" = $1 LIMIT $2[0m  [["id", 1], ["LIMIT", 1]]
  ↳ app/controllers/application_controller.rb:6
Completed 200 OK in 147ms (Views: 130.9ms | ActiveRecord: 1.9ms)


Started GET "/posts" for 127.0.0.1 at 2018-05-25 14:08:28 -0400
Processing by PostsController#index as HTML
  Rendering posts/index.html.erb within layouts/application
  [1m[36mPost Load (3.7ms)[0m  [1m[34mSELECT "posts".* FROM "posts"[0m
  ↳ app/views/posts/index.html.erb:4
  [1m[36mUser Load (0.6ms)[0m  [1m[34mSELECT  "users".* FROM "users" WHERE "users"."id" = $1 LIMIT $2[0m  [["id", 1], ["LIMIT", 1]]
  ↳ app/views/posts/index.html.erb:7
  [1m[36mCACHE User Load (0.0ms)[0m  [1m[34mSELECT  "users".* FROM "users" WHERE "users"."id" = $1 LIMIT $2[0m  [["id", 1], ["LIMIT", 1]]
  ↳ app/views/posts/index.html.erb:7
  Rendered posts/index.html.erb within layouts/application (36.6ms)
  [1m[36mCACHE User Load (0.0ms)[0m  [1m[34mSELECT  "users".* FROM "users" WHERE "users"."id" = $1 LIMIT $2[0m  [["id", 1], ["LIMIT", 1]]
  ↳ app/controllers/application_controller.rb:6
Completed 200 OK in 157ms (Views: 133.7ms | ActiveRecord: 5.1ms)


Started GET "/posts" for 127.0.0.1 at 2018-05-25 14:08:54 -0400
Processing by PostsController#index as HTML
  Rendering posts/index.html.erb within layouts/application
  [1m[36mPost Load (0.7ms)[0m  [1m[34mSELECT "posts".* FROM "posts"[0m
  ↳ app/views/posts/index.html.erb:4
  [1m[36mUser Load (0.6ms)[0m  [1m[34mSELECT  "users".* FROM "users" WHERE "users"."id" = $1 LIMIT $2[0m  [["id", 1], ["LIMIT", 1]]
  ↳ app/views/posts/index.html.erb:7
  [1m[36mCACHE User Load (0.1ms)[0m  [1m[34mSELECT  "users".* FROM "users" WHERE "users"."id" = $1 LIMIT $2[0m  [["id", 1], ["LIMIT", 1]]
  ↳ app/views/posts/index.html.erb:7
  Rendered posts/index.html.erb within layouts/application (8.9ms)
  [1m[36mCACHE User Load (0.0ms)[0m  [1m[34mSELECT  "users".* FROM "users" WHERE "users"."id" = $1 LIMIT $2[0m  [["id", 1], ["LIMIT", 1]]
  ↳ app/controllers/application_controller.rb:6
Completed 200 OK in 64ms (Views: 58.1ms | ActiveRecord: 1.4ms)


Started GET "/posts/1" for 127.0.0.1 at 2018-05-25 14:10:20 -0400
Processing by PostsController#show as HTML
  Parameters: {"id"=>"1"}
  [1m[36mPost Load (1.3ms)[0m  [1m[34mSELECT  "posts".* FROM "posts" WHERE "posts"."id" = $1 LIMIT $2[0m  [["id", 1], ["LIMIT", 1]]
  ↳ app/controllers/posts_controller.rb:29
  Rendering posts/show.html.erb within layouts/application
  Rendered posts/show.html.erb within layouts/application (11.3ms)
  [1m[36mUser Load (0.6ms)[0m  [1m[34mSELECT  "users".* FROM "users" WHERE "users"."id" = $1 LIMIT $2[0m  [["id", 1], ["LIMIT", 1]]
  ↳ app/controllers/application_controller.rb:6
Completed 200 OK in 173ms (Views: 125.4ms | ActiveRecord: 1.9ms)


Started GET "/posts/1/edit" for 127.0.0.1 at 2018-05-25 14:10:23 -0400
Processing by PostsController#edit as HTML
  Parameters: {"id"=>"1"}
  [1m[36mPost Load (0.7ms)[0m  [1m[34mSELECT  "posts".* FROM "posts" WHERE "posts"."id" = $1 LIMIT $2[0m  [["id", 1], ["LIMIT", 1]]
  ↳ app/controllers/posts_controller.rb:40
  Rendering posts/edit.html.erb within layouts/application
  [1m[36mUser Load (0.4ms)[0m  [1m[34mSELECT  "users".* FROM "users" WHERE "users"."id" = $1 LIMIT $2[0m  [["id", 1], ["LIMIT", 1]]
  ↳ app/controllers/application_controller.rb:6
  Rendered posts/_form.html.erb (31.3ms)
  Rendered posts/edit.html.erb within layouts/application (37.9ms)
Completed 200 OK in 163ms (Views: 152.6ms | ActiveRecord: 1.1ms)


Started GET "/" for 127.0.0.1 at 2018-05-25 14:10:25 -0400
Processing by PostsController#index as HTML
  Rendering posts/index.html.erb within layouts/application
  [1m[36mPost Load (5.7ms)[0m  [1m[34mSELECT "posts".* FROM "posts"[0m
  ↳ app/views/posts/index.html.erb:4
  [1m[36mUser Load (4.0ms)[0m  [1m[34mSELECT  "users".* FROM "users" WHERE "users"."id" = $1 LIMIT $2[0m  [["id", 1], ["LIMIT", 1]]
  ↳ app/views/posts/index.html.erb:7
  [1m[36mCACHE User Load (0.2ms)[0m  [1m[34mSELECT  "users".* FROM "users" WHERE "users"."id" = $1 LIMIT $2[0m  [["id", 1], ["LIMIT", 1]]
  ↳ app/views/posts/index.html.erb:7
  Rendered posts/index.html.erb within layouts/application (30.3ms)
  [1m[36mCACHE User Load (0.0ms)[0m  [1m[34mSELECT  "users".* FROM "users" WHERE "users"."id" = $1 LIMIT $2[0m  [["id", 1], ["LIMIT", 1]]
  ↳ app/controllers/application_controller.rb:6
Completed 200 OK in 137ms (Views: 121.0ms | ActiveRecord: 9.9ms)


Started GET "/posts/1" for 127.0.0.1 at 2018-05-25 14:20:44 -0400
Processing by PostsController#show as HTML
  Parameters: {"id"=>"1"}
  [1m[36mPost Load (1.8ms)[0m  [1m[34mSELECT  "posts".* FROM "posts" WHERE "posts"."id" = $1 LIMIT $2[0m  [["id", 1], ["LIMIT", 1]]
  ↳ app/controllers/posts_controller.rb:29
  Rendering posts/show.html.erb within layouts/application
  Rendered posts/show.html.erb within layouts/application (8.2ms)
  [1m[36mUser Load (4.6ms)[0m  [1m[34mSELECT  "users".* FROM "users" WHERE "users"."id" = $1 LIMIT $2[0m  [["id", 1], ["LIMIT", 1]]
  ↳ app/controllers/application_controller.rb:6
Completed 200 OK in 248ms (Views: 205.9ms | ActiveRecord: 6.4ms)


Started GET "/" for 127.0.0.1 at 2018-05-25 14:26:11 -0400
Processing by PostsController#index as HTML
  Rendering posts/index.html.erb within layouts/application
  [1m[36mPost Load (0.9ms)[0m  [1m[34mSELECT "posts".* FROM "posts"[0m
  ↳ app/views/posts/index.html.erb:4
  [1m[36mUser Load (6.4ms)[0m  [1m[34mSELECT  "users".* FROM "users" WHERE "users"."id" = $1 LIMIT $2[0m  [["id", 1], ["LIMIT", 1]]
  ↳ app/views/posts/index.html.erb:7
  [1m[36mCACHE User Load (0.0ms)[0m  [1m[34mSELECT  "users".* FROM "users" WHERE "users"."id" = $1 LIMIT $2[0m  [["id", 1], ["LIMIT", 1]]
  ↳ app/views/posts/index.html.erb:7
  Rendered posts/index.html.erb within layouts/application (126.0ms)
  [1m[36mCACHE User Load (0.0ms)[0m  [1m[34mSELECT  "users".* FROM "users" WHERE "users"."id" = $1 LIMIT $2[0m  [["id", 1], ["LIMIT", 1]]
  ↳ app/controllers/application_controller.rb:6
Completed 200 OK in 223ms (Views: 136.8ms | ActiveRecord: 67.2ms)


Started GET "/posts/1" for 127.0.0.1 at 2018-05-25 14:26:13 -0400
Processing by PostsController#show as HTML
  Parameters: {"id"=>"1"}
  [1m[36mPost Load (0.8ms)[0m  [1m[34mSELECT  "posts".* FROM "posts" WHERE "posts"."id" = $1 LIMIT $2[0m  [["id", 1], ["LIMIT", 1]]
  ↳ app/controllers/posts_controller.rb:29
  Rendering posts/show.html.erb within layouts/application
  Rendered posts/show.html.erb within layouts/application (3.6ms)
  [1m[36mUser Load (0.7ms)[0m  [1m[34mSELECT  "users".* FROM "users" WHERE "users"."id" = $1 LIMIT $2[0m  [["id", 1], ["LIMIT", 1]]
  ↳ app/controllers/application_controller.rb:6
Completed 200 OK in 97ms (Views: 88.6ms | ActiveRecord: 1.5ms)


Started GET "/comments/new" for 127.0.0.1 at 2018-05-25 14:26:16 -0400
  
SyntaxError (/Users/mollybrown/Momentum_homework/rails-reddit/app/controllers/comments_controller.rb:6: syntax error, unexpected keyword_end
    end
    ^~~
/Users/mollybrown/Momentum_homework/rails-reddit/app/controllers/comments_controller.rb:41: syntax error, unexpected end-of-input, expecting keyword_end):
  
app/controllers/comments_controller.rb:6: syntax error, unexpected keyword_end
app/controllers/comments_controller.rb:41: syntax error, unexpected end-of-input, expecting keyword_end
Started GET "/posts/1" for 127.0.0.1 at 2018-05-25 14:26:32 -0400
Processing by PostsController#show as HTML
  Parameters: {"id"=>"1"}
  [1m[36mPost Load (0.8ms)[0m  [1m[34mSELECT  "posts".* FROM "posts" WHERE "posts"."id" = $1 LIMIT $2[0m  [["id", 1], ["LIMIT", 1]]
  ↳ app/controllers/posts_controller.rb:29
  Rendering posts/show.html.erb within layouts/application
  Rendered posts/show.html.erb within layouts/application (1.2ms)
  [1m[36mUser Load (0.3ms)[0m  [1m[34mSELECT  "users".* FROM "users" WHERE "users"."id" = $1 LIMIT $2[0m  [["id", 1], ["LIMIT", 1]]
  ↳ app/controllers/application_controller.rb:6
Completed 200 OK in 96ms (Views: 60.3ms | ActiveRecord: 12.3ms)


Started GET "/posts/1" for 127.0.0.1 at 2018-05-25 14:26:33 -0400
Processing by PostsController#show as HTML
  Parameters: {"id"=>"1"}
  [1m[36mPost Load (0.4ms)[0m  [1m[34mSELECT  "posts".* FROM "posts" WHERE "posts"."id" = $1 LIMIT $2[0m  [["id", 1], ["LIMIT", 1]]
  ↳ app/controllers/posts_controller.rb:29
  Rendering posts/show.html.erb within layouts/application
  Rendered posts/show.html.erb within layouts/application (0.9ms)
  [1m[36mUser Load (0.4ms)[0m  [1m[34mSELECT  "users".* FROM "users" WHERE "users"."id" = $1 LIMIT $2[0m  [["id", 1], ["LIMIT", 1]]
  ↳ app/controllers/application_controller.rb:6
Completed 200 OK in 44ms (Views: 39.2ms | ActiveRecord: 0.8ms)


Started GET "/comments/new" for 127.0.0.1 at 2018-05-25 14:26:36 -0400
Processing by CommentsController#new as HTML
  Rendering comments/new.html.erb within layouts/application
  Rendered comments/new.html.erb within layouts/application (1.9ms)
Completed 500 Internal Server Error in 52ms (ActiveRecord: 9.1ms)


  
SyntaxError (/Users/mollybrown/Momentum_homework/rails-reddit/app/views/comments/new.html.erb:4: syntax error, unexpected '<'
    <% form.hidden_field :user_id,...
    ^
/Users/mollybrown/Momentum_homework/rails-reddit/app/views/comments/new.html.erb:4: syntax error, unexpected ':', expecting keyword_end
    <% form.hidden_field :user_id, value: current_user....
                         ^
/Users/mollybrown/Momentum_homework/rails-reddit/app/views/comments/new.html.erb:17: syntax error, unexpected keyword_ensure, expecting end-of-input
          ensure
          ^~~~~~):
  
app/views/comments/new.html.erb:4: syntax error, unexpected '<'
app/views/comments/new.html.erb:4: syntax error, unexpected ':', expecting keyword_end
app/views/comments/new.html.erb:17: syntax error, unexpected keyword_ensure, expecting end-of-input
Started PUT "/__web_console/repl_sessions/de67e99ef90392f3d3dbd7e149f6642f" for 127.0.0.1 at 2018-05-25 14:26:54 -0400
Started PUT "/__web_console/repl_sessions/de67e99ef90392f3d3dbd7e149f6642f" for 127.0.0.1 at 2018-05-25 14:26:58 -0400
Started GET "/" for 127.0.0.1 at 2018-05-25 14:27:12 -0400
Processing by PostsController#index as HTML
  Rendering posts/index.html.erb within layouts/application
  [1m[36mPost Load (0.5ms)[0m  [1m[34mSELECT "posts".* FROM "posts"[0m
  ↳ app/views/posts/index.html.erb:4
  [1m[36mUser Load (0.4ms)[0m  [1m[34mSELECT  "users".* FROM "users" WHERE "users"."id" = $1 LIMIT $2[0m  [["id", 1], ["LIMIT", 1]]
  ↳ app/views/posts/index.html.erb:7
  [1m[36mCACHE User Load (0.0ms)[0m  [1m[34mSELECT  "users".* FROM "users" WHERE "users"."id" = $1 LIMIT $2[0m  [["id", 1], ["LIMIT", 1]]
  ↳ app/views/posts/index.html.erb:7
  Rendered posts/index.html.erb within layouts/application (11.8ms)
  [1m[36mCACHE User Load (0.0ms)[0m  [1m[34mSELECT  "users".* FROM "users" WHERE "users"."id" = $1 LIMIT $2[0m  [["id", 1], ["LIMIT", 1]]
  ↳ app/controllers/application_controller.rb:6
Completed 200 OK in 79ms (Views: 72.4ms | ActiveRecord: 1.0ms)


Started GET "/" for 127.0.0.1 at 2018-05-25 14:28:16 -0400
Processing by PostsController#index as HTML
  Rendering posts/index.html.erb within layouts/application
  [1m[36mPost Load (0.8ms)[0m  [1m[34mSELECT "posts".* FROM "posts"[0m
  ↳ app/views/posts/index.html.erb:4
  [1m[36mUser Load (0.7ms)[0m  [1m[34mSELECT  "users".* FROM "users" WHERE "users"."id" = $1 LIMIT $2[0m  [["id", 1], ["LIMIT", 1]]
  ↳ app/views/posts/index.html.erb:7
  [1m[36mCACHE User Load (0.0ms)[0m  [1m[34mSELECT  "users".* FROM "users" WHERE "users"."id" = $1 LIMIT $2[0m  [["id", 1], ["LIMIT", 1]]
  ↳ app/views/posts/index.html.erb:7
  Rendered posts/index.html.erb within layouts/application (10.8ms)
  [1m[36mCACHE User Load (0.0ms)[0m  [1m[34mSELECT  "users".* FROM "users" WHERE "users"."id" = $1 LIMIT $2[0m  [["id", 1], ["LIMIT", 1]]
  ↳ app/controllers/application_controller.rb:6
Completed 200 OK in 105ms (Views: 98.7ms | ActiveRecord: 1.6ms)


Started GET "/posts/1" for 127.0.0.1 at 2018-05-25 14:28:23 -0400
Processing by PostsController#show as HTML
  Parameters: {"id"=>"1"}
  [1m[36mPost Load (1.2ms)[0m  [1m[34mSELECT  "posts".* FROM "posts" WHERE "posts"."id" = $1 LIMIT $2[0m  [["id", 1], ["LIMIT", 1]]
  ↳ app/controllers/posts_controller.rb:29
  Rendering posts/show.html.erb within layouts/application
  Rendered posts/show.html.erb within layouts/application (2.9ms)
  [1m[36mUser Load (0.5ms)[0m  [1m[34mSELECT  "users".* FROM "users" WHERE "users"."id" = $1 LIMIT $2[0m  [["id", 1], ["LIMIT", 1]]
  ↳ app/controllers/application_controller.rb:6
Completed 200 OK in 85ms (Views: 70.3ms | ActiveRecord: 1.7ms)


Started GET "/comments/new" for 127.0.0.1 at 2018-05-25 14:28:29 -0400
Processing by CommentsController#new as HTML
  Rendering comments/new.html.erb within layouts/application
  Rendered comments/new.html.erb within layouts/application (1.5ms)
Completed 500 Internal Server Error in 14ms (ActiveRecord: 0.0ms)


  
SyntaxError (/Users/mollybrown/Momentum_homework/rails-reddit/app/views/comments/new.html.erb:4: syntax error, unexpected '<'
    <%= form.hidden_field :user_id...
    ^
/Users/mollybrown/Momentum_homework/rails-reddit/app/views/comments/new.html.erb:17: syntax error, unexpected keyword_ensure, expecting ')'
          ensure
          ^~~~~~
/Users/mollybrown/Momentum_homework/rails-reddit/app/views/comments/new.html.erb:19: syntax error, unexpected keyword_end, expecting ')'
          end
          ^~~):
  
app/views/comments/new.html.erb:4: syntax error, unexpected '<'
app/views/comments/new.html.erb:17: syntax error, unexpected keyword_ensure, expecting ')'
app/views/comments/new.html.erb:19: syntax error, unexpected keyword_end, expecting ')'
Started GET "/" for 127.0.0.1 at 2018-05-25 14:28:56 -0400
Processing by PostsController#index as HTML
  Rendering posts/index.html.erb within layouts/application
  [1m[36mPost Load (0.5ms)[0m  [1m[34mSELECT "posts".* FROM "posts"[0m
  ↳ app/views/posts/index.html.erb:4
  [1m[36mUser Load (0.4ms)[0m  [1m[34mSELECT  "users".* FROM "users" WHERE "users"."id" = $1 LIMIT $2[0m  [["id", 1], ["LIMIT", 1]]
  ↳ app/views/posts/index.html.erb:7
  [1m[36mCACHE User Load (0.0ms)[0m  [1m[34mSELECT  "users".* FROM "users" WHERE "users"."id" = $1 LIMIT $2[0m  [["id", 1], ["LIMIT", 1]]
  ↳ app/views/posts/index.html.erb:7
  Rendered posts/index.html.erb within layouts/application (10.9ms)
  [1m[36mCACHE User Load (0.0ms)[0m  [1m[34mSELECT  "users".* FROM "users" WHERE "users"."id" = $1 LIMIT $2[0m  [["id", 1], ["LIMIT", 1]]
  ↳ app/controllers/application_controller.rb:6
Completed 200 OK in 57ms (Views: 51.0ms | ActiveRecord: 0.9ms)


Started GET "/posts/1" for 127.0.0.1 at 2018-05-25 14:28:58 -0400
Processing by PostsController#show as HTML
  Parameters: {"id"=>"1"}
  [1m[36mPost Load (0.6ms)[0m  [1m[34mSELECT  "posts".* FROM "posts" WHERE "posts"."id" = $1 LIMIT $2[0m  [["id", 1], ["LIMIT", 1]]
  ↳ app/controllers/posts_controller.rb:29
  Rendering posts/show.html.erb within layouts/application
  Rendered posts/show.html.erb within layouts/application (1.7ms)
  [1m[36mUser Load (0.4ms)[0m  [1m[34mSELECT  "users".* FROM "users" WHERE "users"."id" = $1 LIMIT $2[0m  [["id", 1], ["LIMIT", 1]]
  ↳ app/controllers/application_controller.rb:6
Completed 200 OK in 86ms (Views: 71.6ms | ActiveRecord: 0.9ms)


Started GET "/comments/new" for 127.0.0.1 at 2018-05-25 14:29:00 -0400
Processing by CommentsController#new as HTML
  Rendering comments/new.html.erb within layouts/application
  [1m[36mUser Load (1.5ms)[0m  [1m[34mSELECT  "users".* FROM "users" WHERE "users"."id" = $1 LIMIT $2[0m  [["id", 1], ["LIMIT", 1]]
  ↳ app/controllers/application_controller.rb:6
  Rendered comments/new.html.erb within layouts/application (618.4ms)
Completed 500 Internal Server Error in 637ms (ActiveRecord: 1.5ms)


  
ActionView::Template::Error (undefined local variable or method `post' for #<#<Class:0x00007f97b8c11018>:0x00007f97b8aa7880>):
    2: 
    3: <%= form_for(@comment) do |form| %>
    4:     <%= form.hidden_field :user_id, value: current_user.id %>
    5:     <%= form.hidden_field :post_id, value: post.id %>
    6:     <div class="form-group">
    7:         <%= form.label :text %><br>
    8:         <%= form.text_field :text %>
  
app/views/comments/new.html.erb:5:in `block in _app_views_comments_new_html_erb___2557972781888619697_70144807495580'
app/views/comments/new.html.erb:3:in `_app_views_comments_new_html_erb___2557972781888619697_70144807495580'
Started GET "/" for 127.0.0.1 at 2018-05-25 14:31:06 -0400
Processing by PostsController#index as HTML
  Rendering posts/index.html.erb within layouts/application
  [1m[36mPost Load (1.6ms)[0m  [1m[34mSELECT "posts".* FROM "posts"[0m
  ↳ app/views/posts/index.html.erb:4
  [1m[36mUser Load (0.5ms)[0m  [1m[34mSELECT  "users".* FROM "users" WHERE "users"."id" = $1 LIMIT $2[0m  [["id", 1], ["LIMIT", 1]]
  ↳ app/views/posts/index.html.erb:7
  [1m[36mCACHE User Load (0.0ms)[0m  [1m[34mSELECT  "users".* FROM "users" WHERE "users"."id" = $1 LIMIT $2[0m  [["id", 1], ["LIMIT", 1]]
  ↳ app/views/posts/index.html.erb:7
  Rendered posts/index.html.erb within layouts/application (74.8ms)
  [1m[36mCACHE User Load (0.5ms)[0m  [1m[34mSELECT  "users".* FROM "users" WHERE "users"."id" = $1 LIMIT $2[0m  [["id", 1], ["LIMIT", 1]]
  ↳ app/controllers/application_controller.rb:6
Completed 200 OK in 195ms (Views: 158.1ms | ActiveRecord: 15.9ms)


Started GET "/posts/1" for 127.0.0.1 at 2018-05-25 14:31:09 -0400
Processing by PostsController#show as HTML
  Parameters: {"id"=>"1"}
  [1m[36mPost Load (0.8ms)[0m  [1m[34mSELECT  "posts".* FROM "posts" WHERE "posts"."id" = $1 LIMIT $2[0m  [["id", 1], ["LIMIT", 1]]
  ↳ app/controllers/posts_controller.rb:29
  Rendering posts/show.html.erb within layouts/application
  Rendered posts/show.html.erb within layouts/application (1.5ms)
  [1m[36mUser Load (0.4ms)[0m  [1m[34mSELECT  "users".* FROM "users" WHERE "users"."id" = $1 LIMIT $2[0m  [["id", 1], ["LIMIT", 1]]
  ↳ app/controllers/application_controller.rb:6
Completed 200 OK in 82ms (Views: 72.7ms | ActiveRecord: 1.2ms)


Started GET "/comments/new" for 127.0.0.1 at 2018-05-25 14:31:10 -0400
Processing by CommentsController#new as HTML
Completed 404 Not Found in 57ms (ActiveRecord: 10.9ms)


  
ActiveRecord::RecordNotFound (Couldn't find Post without an ID):
  
app/controllers/comments_controller.rb:5:in `new'
Started PUT "/__web_console/repl_sessions/0040acbe7a18861a3d4f6ff781959a0a" for 127.0.0.1 at 2018-05-25 14:31:24 -0400
Started PUT "/__web_console/repl_sessions/0040acbe7a18861a3d4f6ff781959a0a" for 127.0.0.1 at 2018-05-25 14:31:26 -0400
Started PUT "/__web_console/repl_sessions/0040acbe7a18861a3d4f6ff781959a0a" for 127.0.0.1 at 2018-05-25 14:31:31 -0400
Started PUT "/__web_console/repl_sessions/0040acbe7a18861a3d4f6ff781959a0a" for 127.0.0.1 at 2018-05-25 14:31:37 -0400
Started GET "/posts/1" for 127.0.0.1 at 2018-05-25 14:34:06 -0400
Processing by PostsController#show as HTML
  Parameters: {"id"=>"1"}
  [1m[36mPost Load (1.5ms)[0m  [1m[34mSELECT  "posts".* FROM "posts" WHERE "posts"."id" = $1 LIMIT $2[0m  [["id", 1], ["LIMIT", 1]]
  ↳ app/controllers/posts_controller.rb:29
  Rendering posts/show.html.erb within layouts/application
  Rendered posts/show.html.erb within layouts/application (14.7ms)
  [1m[36mUser Load (0.6ms)[0m  [1m[34mSELECT  "users".* FROM "users" WHERE "users"."id" = $1 LIMIT $2[0m  [["id", 1], ["LIMIT", 1]]
  ↳ app/controllers/application_controller.rb:6
Completed 200 OK in 213ms (Views: 171.6ms | ActiveRecord: 2.1ms)


Started GET "/posts" for 127.0.0.1 at 2018-05-25 14:34:50 -0400
Processing by PostsController#index as HTML
  Rendering posts/index.html.erb within layouts/application
  [1m[36mPost Load (0.9ms)[0m  [1m[34mSELECT "posts".* FROM "posts"[0m
  ↳ app/views/posts/index.html.erb:4
  [1m[36mUser Load (0.3ms)[0m  [1m[34mSELECT  "users".* FROM "users" WHERE "users"."id" = $1 LIMIT $2[0m  [["id", 1], ["LIMIT", 1]]
  ↳ app/views/posts/index.html.erb:7
  [1m[36mCACHE User Load (0.0ms)[0m  [1m[34mSELECT  "users".* FROM "users" WHERE "users"."id" = $1 LIMIT $2[0m  [["id", 1], ["LIMIT", 1]]
  ↳ app/views/posts/index.html.erb:7
  Rendered posts/index.html.erb within layouts/application (57.8ms)
  [1m[36mCACHE User Load (0.0ms)[0m  [1m[34mSELECT  "users".* FROM "users" WHERE "users"."id" = $1 LIMIT $2[0m  [["id", 1], ["LIMIT", 1]]
  ↳ app/controllers/application_controller.rb:6
Completed 200 OK in 216ms (Views: 183.5ms | ActiveRecord: 16.3ms)


Started GET "/posts/1" for 127.0.0.1 at 2018-05-25 14:34:52 -0400
Processing by PostsController#show as HTML
  Parameters: {"id"=>"1"}
  [1m[36mPost Load (2.6ms)[0m  [1m[34mSELECT  "posts".* FROM "posts" WHERE "posts"."id" = $1 LIMIT $2[0m  [["id", 1], ["LIMIT", 1]]
  ↳ app/controllers/posts_controller.rb:29
  Rendering posts/show.html.erb within layouts/application
  Rendered posts/show.html.erb within layouts/application (14.3ms)
  [1m[36mUser Load (0.5ms)[0m  [1m[34mSELECT  "users".* FROM "users" WHERE "users"."id" = $1 LIMIT $2[0m  [["id", 1], ["LIMIT", 1]]
  ↳ app/controllers/application_controller.rb:6
Completed 200 OK in 149ms (Views: 137.0ms | ActiveRecord: 3.1ms)


Started GET "/posts/1" for 127.0.0.1 at 2018-05-25 14:34:54 -0400
Processing by PostsController#show as HTML
  Parameters: {"id"=>"1"}
  [1m[36mPost Load (0.5ms)[0m  [1m[34mSELECT  "posts".* FROM "posts" WHERE "posts"."id" = $1 LIMIT $2[0m  [["id", 1], ["LIMIT", 1]]
  ↳ app/controllers/posts_controller.rb:29
  Rendering posts/show.html.erb within layouts/application
  Rendered posts/show.html.erb within layouts/application (1.4ms)
  [1m[36mUser Load (0.4ms)[0m  [1m[34mSELECT  "users".* FROM "users" WHERE "users"."id" = $1 LIMIT $2[0m  [["id", 1], ["LIMIT", 1]]
  ↳ app/controllers/application_controller.rb:6
Completed 200 OK in 92ms (Views: 84.2ms | ActiveRecord: 0.8ms)


Started GET "/comments/new" for 127.0.0.1 at 2018-05-25 14:34:56 -0400
Processing by CommentsController#new as HTML
Completed 404 Not Found in 84ms (ActiveRecord: 14.5ms)


  
ActiveRecord::RecordNotFound (Couldn't find Post without an ID):
  
app/controllers/comments_controller.rb:5:in `new'
Started GET "/rails/info/routes" for 127.0.0.1 at 2018-05-25 14:35:49 -0400
Processing by Rails::InfoController#routes as HTML
  Rendering /Users/mollybrown/.rbenv/versions/2.5.0/lib/ruby/gems/2.5.0/gems/railties-5.2.0/lib/rails/templates/rails/info/routes.html.erb within layouts/application
  Rendered collection of /Users/mollybrown/.rbenv/versions/2.5.0/lib/ruby/gems/2.5.0/gems/actionpack-5.2.0/lib/action_dispatch/middleware/templates/routes/_route.html.erb [39 times] (51.0ms)
  Rendered /Users/mollybrown/.rbenv/versions/2.5.0/lib/ruby/gems/2.5.0/gems/actionpack-5.2.0/lib/action_dispatch/middleware/templates/routes/_table.html.erb (3.5ms)
  Rendered /Users/mollybrown/.rbenv/versions/2.5.0/lib/ruby/gems/2.5.0/gems/railties-5.2.0/lib/rails/templates/rails/info/routes.html.erb within layouts/application (74.3ms)
Completed 200 OK in 126ms (Views: 100.3ms | ActiveRecord: 0.0ms)


Started GET "/" for 127.0.0.1 at 2018-05-25 14:40:00 -0400
Processing by PostsController#index as HTML
  Rendering posts/index.html.erb within layouts/application
  [1m[36mPost Load (1.2ms)[0m  [1m[34mSELECT "posts".* FROM "posts"[0m
  ↳ app/views/posts/index.html.erb:4
  [1m[36mUser Load (0.6ms)[0m  [1m[34mSELECT  "users".* FROM "users" WHERE "users"."id" = $1 LIMIT $2[0m  [["id", 1], ["LIMIT", 1]]
  ↳ app/views/posts/index.html.erb:7
  [1m[36mCACHE User Load (0.1ms)[0m  [1m[34mSELECT  "users".* FROM "users" WHERE "users"."id" = $1 LIMIT $2[0m  [["id", 1], ["LIMIT", 1]]
  ↳ app/views/posts/index.html.erb:7
  Rendered posts/index.html.erb within layouts/application (62.2ms)
  [1m[36mCACHE User Load (0.0ms)[0m  [1m[34mSELECT  "users".* FROM "users" WHERE "users"."id" = $1 LIMIT $2[0m  [["id", 1], ["LIMIT", 1]]
  ↳ app/controllers/application_controller.rb:6
Completed 200 OK in 421ms (Views: 392.9ms | ActiveRecord: 1.9ms)


Started GET "/posts/1" for 127.0.0.1 at 2018-05-25 14:40:02 -0400
Processing by PostsController#show as HTML
  Parameters: {"id"=>"1"}
  [1m[36mPost Load (0.7ms)[0m  [1m[34mSELECT  "posts".* FROM "posts" WHERE "posts"."id" = $1 LIMIT $2[0m  [["id", 1], ["LIMIT", 1]]
  ↳ app/controllers/posts_controller.rb:29
  Rendering posts/show.html.erb within layouts/application
  Rendered posts/show.html.erb within layouts/application (3.1ms)
  [1m[36mUser Load (0.3ms)[0m  [1m[34mSELECT  "users".* FROM "users" WHERE "users"."id" = $1 LIMIT $2[0m  [["id", 1], ["LIMIT", 1]]
  ↳ app/controllers/application_controller.rb:6
Completed 200 OK in 91ms (Views: 80.8ms | ActiveRecord: 1.1ms)


Started GET "/comments/new?post_id=1" for 127.0.0.1 at 2018-05-25 14:40:04 -0400
Processing by CommentsController#new as HTML
  Parameters: {"post_id"=>"1"}
  [1m[36mPost Load (0.4ms)[0m  [1m[34mSELECT  "posts".* FROM "posts" WHERE "posts"."id" = $1 LIMIT $2[0m  [["id", 1], ["LIMIT", 1]]
  ↳ app/controllers/comments_controller.rb:5
  Rendering comments/new.html.erb within layouts/application
  [1m[36mUser Load (0.3ms)[0m  [1m[34mSELECT  "users".* FROM "users" WHERE "users"."id" = $1 LIMIT $2[0m  [["id", 1], ["LIMIT", 1]]
  ↳ app/controllers/application_controller.rb:6
  Rendered comments/new.html.erb within layouts/application (14.3ms)
Completed 200 OK in 114ms (Views: 95.0ms | ActiveRecord: 0.7ms)


Started POST "/comments" for 127.0.0.1 at 2018-05-25 14:40:16 -0400
Processing by CommentsController#create as HTML
  Parameters: {"utf8"=>"✓", "authenticity_token"=>"X4SeOz+Kj08UAmxdJOTF/SaPGnyh4ZqzwSSPRCwVoHW8T1nKh+oB1Wze1WULfW44jFA1puiH08uJEOzFKFUdcQ==", "comment"=>{"user_id"=>"1", "post_id"=>"1", "text"=>"This is soooooo coooooollll"}, "commit"=>"Create Comment"}
  [1m[35m (18.6ms)[0m  [1m[35mBEGIN[0m
  ↳ app/controllers/comments_controller.rb:10
  [1m[36mPost Load (0.5ms)[0m  [1m[34mSELECT  "posts".* FROM "posts" WHERE "posts"."id" = $1 LIMIT $2[0m  [["id", 1], ["LIMIT", 1]]
  ↳ app/controllers/comments_controller.rb:10
  [1m[36mUser Load (0.3ms)[0m  [1m[34mSELECT  "users".* FROM "users" WHERE "users"."id" = $1 LIMIT $2[0m  [["id", 1], ["LIMIT", 1]]
  ↳ app/controllers/comments_controller.rb:10
  [1m[36mComment Create (43.2ms)[0m  [1m[32mINSERT INTO "comments" ("post_id", "user_id", "text", "created_at", "updated_at") VALUES ($1, $2, $3, $4, $5) RETURNING "id"[0m  [["post_id", 1], ["user_id", 1], ["text", "This is soooooo coooooollll"], ["created_at", "2018-05-25 18:40:16.265693"], ["updated_at", "2018-05-25 18:40:16.265693"]]
  ↳ app/controllers/comments_controller.rb:10
  [1m[35m (0.8ms)[0m  [1m[35mCOMMIT[0m
  ↳ app/controllers/comments_controller.rb:10
Completed 500 Internal Server Error in 454ms (ActiveRecord: 63.4ms)


  
NameError (undefined local variable or method `posts' for #<CommentsController:0x00007f97bc585650>
Did you mean?  posts_url):
  
app/controllers/comments_controller.rb:11:in `create'
Started POST "/comments" for 127.0.0.1 at 2018-05-25 14:41:03 -0400
Processing by CommentsController#create as HTML
  Parameters: {"utf8"=>"✓", "authenticity_token"=>"JilPniTJ1TuoVrpOEtjQQ1CnpnTkPoSQNPBHo8qK87CeJ25qMlgMLG2xuLSJf2d2cPaZGgyjDvH2uSj4dWI9mg==", "comment"=>{"user_id"=>"1", "post_id"=>"1", "text"=>"This is soooooo coooooollll"}, "commit"=>"Create Comment"}
  [1m[35m (0.4ms)[0m  [1m[35mBEGIN[0m
  ↳ app/controllers/comments_controller.rb:10
  [1m[36mPost Load (1.8ms)[0m  [1m[34mSELECT  "posts".* FROM "posts" WHERE "posts"."id" = $1 LIMIT $2[0m  [["id", 1], ["LIMIT", 1]]
  ↳ app/controllers/comments_controller.rb:10
  [1m[36mUser Load (0.3ms)[0m  [1m[34mSELECT  "users".* FROM "users" WHERE "users"."id" = $1 LIMIT $2[0m  [["id", 1], ["LIMIT", 1]]
  ↳ app/controllers/comments_controller.rb:10
  [1m[36mComment Create (13.6ms)[0m  [1m[32mINSERT INTO "comments" ("post_id", "user_id", "text", "created_at", "updated_at") VALUES ($1, $2, $3, $4, $5) RETURNING "id"[0m  [["post_id", 1], ["user_id", 1], ["text", "This is soooooo coooooollll"], ["created_at", "2018-05-25 18:41:04.135880"], ["updated_at", "2018-05-25 18:41:04.135880"]]
  ↳ app/controllers/comments_controller.rb:10
  [1m[35m (6.4ms)[0m  [1m[35mCOMMIT[0m
  ↳ app/controllers/comments_controller.rb:10
Redirected to 
Completed 500 Internal Server Error in 177ms (ActiveRecord: 50.8ms)


  
ActionController::ActionControllerError (Cannot redirect to nil!):
  
app/controllers/comments_controller.rb:11:in `create'
Started GET "/comments/new?post_id=1" for 127.0.0.1 at 2018-05-25 14:41:09 -0400
Processing by CommentsController#new as HTML
  Parameters: {"post_id"=>"1"}
  [1m[36mPost Load (0.4ms)[0m  [1m[34mSELECT  "posts".* FROM "posts" WHERE "posts"."id" = $1 LIMIT $2[0m  [["id", 1], ["LIMIT", 1]]
  ↳ app/controllers/comments_controller.rb:5
  Rendering comments/new.html.erb within layouts/application
  [1m[36mUser Load (0.5ms)[0m  [1m[34mSELECT  "users".* FROM "users" WHERE "users"."id" = $1 LIMIT $2[0m  [["id", 1], ["LIMIT", 1]]
  ↳ app/controllers/application_controller.rb:6
  Rendered comments/new.html.erb within layouts/application (8.8ms)
Completed 200 OK in 94ms (Views: 85.7ms | ActiveRecord: 0.9ms)


Started POST "/comments" for 127.0.0.1 at 2018-05-25 14:41:16 -0400
Processing by CommentsController#create as HTML
  Parameters: {"utf8"=>"✓", "authenticity_token"=>"Dtnx3SbOxsud3lcB6cK93CViZnX9AyaKkyXff0Mb/Jm219ApMF8f3Fg5VftyZQrpBTNZGxWerOtRbLAk/PMysw==", "comment"=>{"user_id"=>"1", "post_id"=>"1", "text"=>"veyrrryryyyy coooolll"}, "commit"=>"Create Comment"}
  [1m[35m (2.0ms)[0m  [1m[35mBEGIN[0m
  ↳ app/controllers/comments_controller.rb:10
  [1m[36mPost Load (0.3ms)[0m  [1m[34mSELECT  "posts".* FROM "posts" WHERE "posts"."id" = $1 LIMIT $2[0m  [["id", 1], ["LIMIT", 1]]
  ↳ app/controllers/comments_controller.rb:10
  [1m[36mUser Load (0.4ms)[0m  [1m[34mSELECT  "users".* FROM "users" WHERE "users"."id" = $1 LIMIT $2[0m  [["id", 1], ["LIMIT", 1]]
  ↳ app/controllers/comments_controller.rb:10
  [1m[36mComment Create (9.0ms)[0m  [1m[32mINSERT INTO "comments" ("post_id", "user_id", "text", "created_at", "updated_at") VALUES ($1, $2, $3, $4, $5) RETURNING "id"[0m  [["post_id", 1], ["user_id", 1], ["text", "veyrrryryyyy coooolll"], ["created_at", "2018-05-25 18:41:16.499857"], ["updated_at", "2018-05-25 18:41:16.499857"]]
  ↳ app/controllers/comments_controller.rb:10
  [1m[35m (6.3ms)[0m  [1m[35mCOMMIT[0m
  ↳ app/controllers/comments_controller.rb:10
Redirected to 
Completed 500 Internal Server Error in 29ms (ActiveRecord: 17.9ms)


  
ActionController::ActionControllerError (Cannot redirect to nil!):
  
app/controllers/comments_controller.rb:11:in `create'
Started GET "/" for 127.0.0.1 at 2018-05-25 14:42:49 -0400
Processing by PostsController#index as HTML
  Rendering posts/index.html.erb within layouts/application
  [1m[36mPost Load (1.0ms)[0m  [1m[34mSELECT "posts".* FROM "posts"[0m
  ↳ app/views/posts/index.html.erb:4
  [1m[36mUser Load (0.4ms)[0m  [1m[34mSELECT  "users".* FROM "users" WHERE "users"."id" = $1 LIMIT $2[0m  [["id", 1], ["LIMIT", 1]]
  ↳ app/views/posts/index.html.erb:7
  [1m[36mCACHE User Load (0.0ms)[0m  [1m[34mSELECT  "users".* FROM "users" WHERE "users"."id" = $1 LIMIT $2[0m  [["id", 1], ["LIMIT", 1]]
  ↳ app/views/posts/index.html.erb:7
  Rendered posts/index.html.erb within layouts/application (90.4ms)
  [1m[36mCACHE User Load (0.0ms)[0m  [1m[34mSELECT  "users".* FROM "users" WHERE "users"."id" = $1 LIMIT $2[0m  [["id", 1], ["LIMIT", 1]]
  ↳ app/controllers/application_controller.rb:6
Completed 200 OK in 290ms (Views: 236.8ms | ActiveRecord: 23.1ms)


Started GET "/posts/1" for 127.0.0.1 at 2018-05-25 14:42:51 -0400
Processing by PostsController#show as HTML
  Parameters: {"id"=>"1"}
  [1m[36mPost Load (2.3ms)[0m  [1m[34mSELECT  "posts".* FROM "posts" WHERE "posts"."id" = $1 LIMIT $2[0m  [["id", 1], ["LIMIT", 1]]
  ↳ app/controllers/posts_controller.rb:29
  Rendering posts/show.html.erb within layouts/application
  Rendered posts/show.html.erb within layouts/application (1.6ms)
  [1m[36mUser Load (0.4ms)[0m  [1m[34mSELECT  "users".* FROM "users" WHERE "users"."id" = $1 LIMIT $2[0m  [["id", 1], ["LIMIT", 1]]
  ↳ app/controllers/application_controller.rb:6
Completed 200 OK in 80ms (Views: 70.6ms | ActiveRecord: 2.7ms)


Started GET "/comments/new?post_id=1" for 127.0.0.1 at 2018-05-25 14:42:53 -0400
Processing by CommentsController#new as HTML
  Parameters: {"post_id"=>"1"}
  [1m[36mPost Load (0.5ms)[0m  [1m[34mSELECT  "posts".* FROM "posts" WHERE "posts"."id" = $1 LIMIT $2[0m  [["id", 1], ["LIMIT", 1]]
  ↳ app/controllers/comments_controller.rb:5
  Rendering comments/new.html.erb within layouts/application
  [1m[36mUser Load (3.0ms)[0m  [1m[34mSELECT  "users".* FROM "users" WHERE "users"."id" = $1 LIMIT $2[0m  [["id", 1], ["LIMIT", 1]]
  ↳ app/controllers/application_controller.rb:6
  Rendered comments/new.html.erb within layouts/application (13.6ms)
Completed 200 OK in 112ms (Views: 67.1ms | ActiveRecord: 13.8ms)


Started POST "/comments" for 127.0.0.1 at 2018-05-25 14:42:57 -0400
Processing by CommentsController#create as HTML
  Parameters: {"utf8"=>"✓", "authenticity_token"=>"6EnXJzdChGQdKyPp5hVNcGn/TZ8BxI34EtHbglqMHGcLghDWjyIK/mX3mtHJjOa1wyBiRUiixIBa5bgDXsyhYw==", "comment"=>{"user_id"=>"1", "post_id"=>"1", "text"=>"mnklogu3ilwrekqflas"}, "commit"=>"Create Comment"}
  [1m[35m (2.1ms)[0m  [1m[35mBEGIN[0m
  ↳ app/controllers/comments_controller.rb:10
  [1m[36mPost Load (3.6ms)[0m  [1m[34mSELECT  "posts".* FROM "posts" WHERE "posts"."id" = $1 LIMIT $2[0m  [["id", 1], ["LIMIT", 1]]
  ↳ app/controllers/comments_controller.rb:10
  [1m[36mUser Load (0.3ms)[0m  [1m[34mSELECT  "users".* FROM "users" WHERE "users"."id" = $1 LIMIT $2[0m  [["id", 1], ["LIMIT", 1]]
  ↳ app/controllers/comments_controller.rb:10
  [1m[36mComment Create (0.7ms)[0m  [1m[32mINSERT INTO "comments" ("post_id", "user_id", "text", "created_at", "updated_at") VALUES ($1, $2, $3, $4, $5) RETURNING "id"[0m  [["post_id", 1], ["user_id", 1], ["text", "mnklogu3ilwrekqflas"], ["created_at", "2018-05-25 18:42:57.389766"], ["updated_at", "2018-05-25 18:42:57.389766"]]
  ↳ app/controllers/comments_controller.rb:10
  [1m[35m (6.8ms)[0m  [1m[35mCOMMIT[0m
  ↳ app/controllers/comments_controller.rb:10
Completed 500 Internal Server Error in 33ms (ActiveRecord: 13.6ms)


  
ActionController::UrlGenerationError (No route matches {:action=>"show", :controller=>"posts"}, missing required keys: [:id]):
  
app/controllers/comments_controller.rb:11:in `create'
Started GET "/comments/new?post_id=1" for 127.0.0.1 at 2018-05-25 14:43:25 -0400
Processing by CommentsController#new as HTML
  Parameters: {"post_id"=>"1"}
  [1m[36mPost Load (0.2ms)[0m  [1m[34mSELECT  "posts".* FROM "posts" WHERE "posts"."id" = $1 LIMIT $2[0m  [["id", 1], ["LIMIT", 1]]
  ↳ app/controllers/comments_controller.rb:5
  Rendering comments/new.html.erb within layouts/application
  [1m[36mUser Load (0.3ms)[0m  [1m[34mSELECT  "users".* FROM "users" WHERE "users"."id" = $1 LIMIT $2[0m  [["id", 1], ["LIMIT", 1]]
  ↳ app/controllers/application_controller.rb:6
  Rendered comments/new.html.erb within layouts/application (20.2ms)
Completed 200 OK in 120ms (Views: 72.4ms | ActiveRecord: 13.6ms)


Started POST "/comments" for 127.0.0.1 at 2018-05-25 14:43:28 -0400
Processing by CommentsController#create as HTML
  Parameters: {"utf8"=>"✓", "authenticity_token"=>"cwGZcV71RBdpC0l4N7AXwbpymfG9YXQr/fdGlGss4pzLD7iFSGSdAKzsS4KsF6D0miOmn1X8/ko/vinP1MQstg==", "comment"=>{"user_id"=>"1", "post_id"=>"1", "text"=>"4"}, "commit"=>"Create Comment"}
  [1m[35m (0.2ms)[0m  [1m[35mBEGIN[0m
  ↳ app/controllers/comments_controller.rb:10
  [1m[36mPost Load (0.3ms)[0m  [1m[34mSELECT  "posts".* FROM "posts" WHERE "posts"."id" = $1 LIMIT $2[0m  [["id", 1], ["LIMIT", 1]]
  ↳ app/controllers/comments_controller.rb:10
  [1m[36mUser Load (0.5ms)[0m  [1m[34mSELECT  "users".* FROM "users" WHERE "users"."id" = $1 LIMIT $2[0m  [["id", 1], ["LIMIT", 1]]
  ↳ app/controllers/comments_controller.rb:10
  [1m[36mComment Create (0.6ms)[0m  [1m[32mINSERT INTO "comments" ("post_id", "user_id", "text", "created_at", "updated_at") VALUES ($1, $2, $3, $4, $5) RETURNING "id"[0m  [["post_id", 1], ["user_id", 1], ["text", "4"], ["created_at", "2018-05-25 18:43:28.430705"], ["updated_at", "2018-05-25 18:43:28.430705"]]
  ↳ app/controllers/comments_controller.rb:10
  [1m[35m (0.6ms)[0m  [1m[35mCOMMIT[0m
  ↳ app/controllers/comments_controller.rb:10
Redirected to http://localhost:3000/posts/1
Completed 302 Found in 17ms (ActiveRecord: 2.3ms)


Started GET "/posts/1" for 127.0.0.1 at 2018-05-25 14:43:28 -0400
Processing by PostsController#show as HTML
  Parameters: {"id"=>"1"}
  [1m[36mPost Load (0.3ms)[0m  [1m[34mSELECT  "posts".* FROM "posts" WHERE "posts"."id" = $1 LIMIT $2[0m  [["id", 1], ["LIMIT", 1]]
  ↳ app/controllers/posts_controller.rb:29
  Rendering posts/show.html.erb within layouts/application
  Rendered posts/show.html.erb within layouts/application (1.4ms)
  [1m[36mUser Load (0.3ms)[0m  [1m[34mSELECT  "users".* FROM "users" WHERE "users"."id" = $1 LIMIT $2[0m  [["id", 1], ["LIMIT", 1]]
  ↳ app/controllers/application_controller.rb:6
Completed 200 OK in 45ms (Views: 39.2ms | ActiveRecord: 0.6ms)


